#
# A fatal error has been detected by the Java Runtime Environment:
#
#  SIGSEGV (0xb) at pc=0x00007ffaa23f2496, pid=22817, tid=22843
#
# JRE version: OpenJDK Runtime Environment Temurin-17.0.8+7 (17.0.8+7) (build 17.0.8+7)
# Java VM: OpenJDK 64-Bit Server VM Temurin-17.0.8+7 (17.0.8+7, mixed mode, sharing, tiered, compressed oops, compressed class ptrs, g1 gc, linux-amd64)
# Problematic frame:
# V  [libjvm.so+0x7f2496]  PhaseChaitin::interfere_with_live(unsigned int, IndexSet*) [clone .part.0]+0x266
#
# Core dump will be written. Default location: Core dumps may be processed with "/usr/share/apport/apport -p%p -s%s -c%c -d%d -P%P -u%u -g%g -- %E" (or dumping to /home/avbravo/NetBeansProjects/j/jmoordbcorebook/jmoordb-corebookexamples/capitulo18/core.22817)
#
# If you would like to submit a bug report, please visit:
#   https://github.com/adoptium/adoptium-support/issues
#

---------------  S U M M A R Y ------------

Command Line: /home/avbravo/NetBeansProjects/j/jmoordbcorebook/jmoordb-corebookexamples/capitulo18/target/surefire/surefirebooter-20230902225930975_3.jar /home/avbravo/NetBeansProjects/j/jmoordbcorebook/jmoordb-corebookexamples/capitulo18/target/surefire 2023-09-02T22-59-30_931-jvmRun1 surefire-20230902225930975_1tmp surefire_0-20230902225930975_2tmp

Host: AMD Ryzen 5 6600H with Radeon Graphics, 12 cores, 14G, Ubuntu 22.04.3 LTS
Time: Sat Sep  2 22:59:32 2023 EST elapsed time: 1.471953 seconds (0d 0h 0m 1s)

---------------  T H R E A D  ---------------

Current thread (0x00007ff9f8196770):  JavaThread "C2 CompilerThread2" daemon [_thread_in_native, id=22843, stack(0x00007ffa6c6fe000,0x00007ffa6c7fe000)]


Current CompileTask:
C2:   1471 3602       4       org.codehaus.plexus.interpolation.PrefixedValueSourceWrapper::getValue (39 bytes)

Stack: [0x00007ffa6c6fe000,0x00007ffa6c7fe000],  sp=0x00007ffa6c7f93c0,  free space=1004k
Native frames: (J=compiled Java code, j=interpreted, Vv=VM code, C=native code)
V  [libjvm.so+0x7f2496]  PhaseChaitin::interfere_with_live(unsigned int, IndexSet*) [clone .part.0]+0x266
V  [libjvm.so+0x7f368f]  PhaseChaitin::build_ifg_virtual()+0x42f
V  [libjvm.so+0x542545]  PhaseChaitin::Register_Allocate()+0x1d5
V  [libjvm.so+0x5d0e89]  Compile::Code_Gen()+0x349
V  [libjvm.so+0x5d6b0b]  Compile::Compile(ciEnv*, ciMethod*, int, bool, bool, bool, bool, bool, DirectiveSet*)+0x148b
V  [libjvm.so+0x5162c9]  C2Compiler::compile_method(ciEnv*, ciMethod*, int, bool, DirectiveSet*)+0xe9
V  [libjvm.so+0x5df632]  CompileBroker::invoke_compiler_on_method(CompileTask*)+0xef2
V  [libjvm.so+0x5e0448]  CompileBroker::compiler_thread_loop()+0x678
V  [libjvm.so+0xe65584]  JavaThread::thread_main_inner()+0x184
V  [libjvm.so+0xe68d40]  Thread::call_run()+0xc0
V  [libjvm.so+0xc1e681]  thread_native_entry(Thread*)+0xe1


siginfo: si_signo: 11 (SIGSEGV), si_code: 128 (SI_KERNEL), si_addr: 0x0000000000000000

Register to memory mapping:

RAX=0x00407ffaa2f078a0 is an unknown value
RBX=0x000000000000041d is an unknown value
RCX=0x00407ffaa2f078a0 is an unknown value
RDX=0x00007ff9d863e860 points into unknown readable memory: 0x0000000000000000 | 00 00 00 00 00 00 00 00
RSP=0x00007ffa6c7f93c0 is pointing into the stack for thread: 0x00007ff9f8196770
RBP=0x00007ffa6c7f9430 is pointing into the stack for thread: 0x00007ff9f8196770
RSI=0x0000000000000200 is an unknown value
RDI=0x0000000000000200 is an unknown value
R8 =0x0000000000000009 is an unknown value
R9 =0x00007ffa6c7f95d0 is pointing into the stack for thread: 0x00007ff9f8196770
R10=0x0000000000000001 is an unknown value
R11=0x0000000000000001 is an unknown value
R12=0x0000000000029220 is an unknown value
R13=0x00007ffa6c7f93d0 is pointing into the stack for thread: 0x00007ff9f8196770
R14=0x00007ff9d86b6528 points into unknown readable memory: 0x0000000000000000 | 00 00 00 00 00 00 00 00
R15=0x00007ffa6c7f98f0 is pointing into the stack for thread: 0x00007ff9f8196770


Registers:
RAX=0x00407ffaa2f078a0, RBX=0x000000000000041d, RCX=0x00407ffaa2f078a0, RDX=0x00007ff9d863e860
RSP=0x00007ffa6c7f93c0, RBP=0x00007ffa6c7f9430, RSI=0x0000000000000200, RDI=0x0000000000000200
R8 =0x0000000000000009, R9 =0x00007ffa6c7f95d0, R10=0x0000000000000001, R11=0x0000000000000001
R12=0x0000000000029220, R13=0x00007ffa6c7f93d0, R14=0x00007ff9d86b6528, R15=0x00007ffa6c7f98f0
RIP=0x00007ffaa23f2496, EFLAGS=0x0000000000010246, CSGSFS=0x002b000000000033, ERR=0x0000000000000000
  TRAPNO=0x000000000000000d

Top of Stack: (sp=0x00007ffa6c7f93c0)
0x00007ffa6c7f93c0:   000004029c025200 00007ff9d863e5e0
0x00007ffa6c7f93d0:   000000000000017c 0000000100000009
0x00007ffa6c7f93e0:   0000000500000001 00007ff9f8016540
0x00007ffa6c7f93f0:   00007ff9d8529440 00007ff9d8529430 

Instructions: (pc=0x00007ffaa23f2496)
0x00007ffaa23f2396:   5c d6 38 44 8d 52 05 4c 09 d8 44 39 d7 72 79 4e
0x00007ffaa23f23a6:   8b 5c d6 38 4f 23 5c d6 38 44 8d 52 06 4c 09 d8
0x00007ffaa23f23b6:   44 39 d7 72 63 4e 8b 5c d6 38 4f 23 5c d6 38 44
0x00007ffaa23f23c6:   8d 52 07 4c 09 d8 44 39 d7 72 4d 4e 8b 5c d6 38
0x00007ffaa23f23d6:   4f 23 5c d6 38 44 8d 52 08 4c 09 d8 44 39 d7 72
0x00007ffaa23f23e6:   37 4e 8b 5c d6 38 4f 23 5c d6 38 44 8d 52 09 4c
0x00007ffaa23f23f6:   09 d8 44 39 d7 72 21 4e 8b 5c d6 38 83 c2 0a 4f
0x00007ffaa23f2406:   23 5c d6 38 4c 09 d8 39 d7 72 0d 49 8b 7c d6 38
0x00007ffaa23f2416:   48 23 7c d6 38 48 09 f8 48 85 c0 74 15 49 8b 51
0x00007ffaa23f2426:   10 39 cb 73 3d 85 db 0f 85 8c 00 00 00 0f 1f 44
0x00007ffaa23f2436:   00 00 48 8b 55 a0 48 85 d2 0f 85 7b fe ff ff 83
0x00007ffaa23f2446:   7d ac 03 76 08 8b 45 b4 39 45 b0 73 5d 4c 89 ef
0x00007ffaa23f2456:   e8 c5 a5 00 00 89 c1 e9 76 fe ff ff 66 0f 1f 44
0x00007ffaa23f2466:   00 00 4c 01 e2 48 8b 72 08 89 c8 c1 e8 08 48 8b
0x00007ffaa23f2476:   04 c6 48 3b 05 a1 89 ac 00 74 4d be 01 00 00 00
0x00007ffaa23f2486:   48 d3 e6 c1 e9 06 83 e1 03 48 89 f7 48 8d 0c c8
0x00007ffaa23f2496:   48 8b 01 48 09 c7 48 89 39 48 85 c6 75 94 83 02
0x00007ffaa23f24a6:   01 eb 8f 0f 1f 80 00 00 00 00 48 83 c4 48 5b 41
0x00007ffaa23f24b6:   5c 41 5d 41 5e 41 5f 5d c3 4b 8d 04 80 89 d9 48
0x00007ffaa23f24c6:   c1 e0 05 48 01 c2 eb 9d 89 ce 48 89 d7 89 4d 94
0x00007ffaa23f24d6:   48 89 55 98 e8 11 9f 00 00 8b 4d 94 48 8b 55 98
0x00007ffaa23f24e6:   eb 99 0f 1f 84 00 00 00 00 00 55 48 89 e5 41 54
0x00007ffaa23f24f6:   49 89 f4 be 0c 00 00 00 53 48 89 fb e8 b9 ef 46
0x00007ffaa23f2506:   00 4c 89 63 30 5b 41 5c 5d c3 55 48 89 e5 41 57
0x00007ffaa23f2516:   49 89 ff 41 56 41 55 41 54 53 89 f3 48 83 ec 18
0x00007ffaa23f2526:   89 77 28 48 8b 77 30 bf 20 00 00 00 e8 89 60 bd
0x00007ffaa23f2536:   ff 49 89 c4 48 85 c0 74 0c 49 8b 77 30 48 89 c7
0x00007ffaa23f2546:   e8 55 88 6c 00 4d 89 67 38 41 89 dc 4d 8b 77 30
0x00007ffaa23f2556:   4f 8d 2c a4 41 c6 47 18 00 49 c1 e5 05 49 8b 46
0x00007ffaa23f2566:   18 4c 89 ea 48 f7 d2 48 39 d0 76 16 48 8d 15 03
0x00007ffaa23f2576:   22 79 00 4c 89 ee 4c 89 f7 e8 ec f5 bd ff 49 8b
0x00007ffaa23f2586:   46 18 4a 8d 14 28 49 3b 56 20 0f 87 fa 00 00 00 


Stack slot to memory mapping:
stack at sp + 0 slots: 0x000004029c025200 is an unknown value
stack at sp + 1 slots: 0x00007ff9d863e5e0 points into unknown readable memory: 0x0000000500000017 | 17 00 00 00 05 00 00 00
stack at sp + 2 slots: 0x000000000000017c is an unknown value
stack at sp + 3 slots: 0x0000000100000009 is an unknown value
stack at sp + 4 slots: 0x0000000500000001 is an unknown value
stack at sp + 5 slots: 0x00007ff9f8016540 points into unknown readable memory: 0x000000000002fa0c | 0c fa 02 00 00 00 00 00
stack at sp + 6 slots: 0x00007ff9d8529440 points into unknown readable memory: 0x00007ff9f8016540 | 40 65 01 f8 f9 7f 00 00
stack at sp + 7 slots: 0x00007ff9d8529430 points into unknown readable memory: 0x000000050000001f | 1f 00 00 00 05 00 00 00


---------------  P R O C E S S  ---------------

Threads class SMR info:
_java_thread_list=0x00007ffa9ce6c190, length=17, elements={
0x00007ffa9c0256b0, 0x00007ffa9c1881a0, 0x00007ffa9c189590, 0x00007ffa9c18eb80,
0x00007ffa9c18ff40, 0x00007ffa9c191360, 0x00007ffa9c192d20, 0x00007ffa9c194260,
0x00007ffa9c19d6d0, 0x00007ffa9c1a4dd0, 0x00007ffa9c1a82d0, 0x00007ff9f809d530,
0x00007ffa9cb08100, 0x00007ffa9cb19ff0, 0x00007ff9f8196770, 0x00007ffa9cd8c100,
0x00007ffa9ce6b450
}

Java Threads: ( => current thread )
  0x00007ffa9c0256b0 JavaThread "main" [_thread_in_native, id=22818, stack(0x00007ffaa322e000,0x00007ffaa332e000)]
  0x00007ffa9c1881a0 JavaThread "Reference Handler" daemon [_thread_blocked, id=22829, stack(0x00007ffa7c3b0000,0x00007ffa7c4b0000)]
  0x00007ffa9c189590 JavaThread "Finalizer" daemon [_thread_blocked, id=22830, stack(0x00007ffa7c2b0000,0x00007ffa7c3b0000)]
  0x00007ffa9c18eb80 JavaThread "Signal Dispatcher" daemon [_thread_blocked, id=22831, stack(0x00007ffa7c1b0000,0x00007ffa7c2b0000)]
  0x00007ffa9c18ff40 JavaThread "Service Thread" daemon [_thread_blocked, id=22832, stack(0x00007ffa7c0b0000,0x00007ffa7c1b0000)]
  0x00007ffa9c191360 JavaThread "Monitor Deflation Thread" daemon [_thread_blocked, id=22833, stack(0x00007ffa6d100000,0x00007ffa6d200000)]
  0x00007ffa9c192d20 JavaThread "C2 CompilerThread0" daemon [_thread_in_native, id=22834, stack(0x00007ffa6d000000,0x00007ffa6d100000)]
  0x00007ffa9c194260 JavaThread "C1 CompilerThread0" daemon [_thread_blocked, id=22835, stack(0x00007ffa6cf00000,0x00007ffa6d000000)]
  0x00007ffa9c19d6d0 JavaThread "Sweeper thread" daemon [_thread_blocked, id=22836, stack(0x00007ffa6ce00000,0x00007ffa6cf00000)]
  0x00007ffa9c1a4dd0 JavaThread "Notification Thread" daemon [_thread_blocked, id=22837, stack(0x00007ffa6cd00000,0x00007ffa6ce00000)]
  0x00007ffa9c1a82d0 JavaThread "Common-Cleaner" daemon [_thread_blocked, id=22839, stack(0x00007ffa6cafe000,0x00007ffa6cbfe000)]
  0x00007ff9f809d530 JavaThread "C2 CompilerThread1" daemon [_thread_in_native, id=22840, stack(0x00007ffa6c9fe000,0x00007ffa6cafe000)]
  0x00007ffa9cb08100 JavaThread "surefire-forkedjvm-stream-flusher" daemon [_thread_blocked, id=22841, stack(0x00007ffa6c8fe000,0x00007ffa6c9fe000)]
  0x00007ffa9cb19ff0 JavaThread "surefire-forkedjvm-command-thread" daemon [_thread_in_native, id=22842, stack(0x00007ffa6c7fe000,0x00007ffa6c8fe000)]
=>0x00007ff9f8196770 JavaThread "C2 CompilerThread2" daemon [_thread_in_native, id=22843, stack(0x00007ffa6c6fe000,0x00007ffa6c7fe000)]
  0x00007ffa9cd8c100 JavaThread "ForkJoinPool.commonPool-worker-1" daemon [_thread_blocked, id=22848, stack(0x00007ffa6c1f6000,0x00007ffa6c2f6000)]
  0x00007ffa9ce6b450 JavaThread "Quarkus hang detection timer thread" [_thread_blocked, id=22849, stack(0x00007ffa6c0f6000,0x00007ffa6c1f6000)]

Other Threads:
  0x00007ffa9c184210 VMThread "VM Thread" [stack: 0x00007ffa7c4b2000,0x00007ffa7c5b2000] [id=22828]
  0x00007ffa9c1a6720 WatcherThread [stack: 0x00007ffa6cc00000,0x00007ffa6cd00000] [id=22838]
  0x00007ffa9c08d860 GCTaskThread "GC Thread#0" [stack: 0x00007ffa7d518000,0x00007ffa7d618000] [id=22820]
  0x00007ffa180065f0 GCTaskThread "GC Thread#1" [stack: 0x00007ffa6c5fe000,0x00007ffa6c6fe000] [id=22844]
  0x00007ffa18007020 GCTaskThread "GC Thread#2" [stack: 0x00007ffa6c4fc000,0x00007ffa6c5fc000] [id=22845]
  0x00007ffa18007e40 GCTaskThread "GC Thread#3" [stack: 0x00007ffa6c3fa000,0x00007ffa6c4fa000] [id=22846]
  0x00007ffa18008c60 GCTaskThread "GC Thread#4" [stack: 0x00007ffa6c2f8000,0x00007ffa6c3f8000] [id=22847]
  0x00007ffa1800f060 GCTaskThread "GC Thread#5" [stack: 0x00007ffa1ef00000,0x00007ffa1f000000] [id=22850]
  0x00007ffa1800c000 GCTaskThread "GC Thread#6" [stack: 0x00007ffa1edfe000,0x00007ffa1eefe000] [id=22851]
  0x00007ffa18012b80 GCTaskThread "GC Thread#7" [stack: 0x00007ffa1ecfc000,0x00007ffa1edfc000] [id=22852]
  0x00007ffa18013570 GCTaskThread "GC Thread#8" [stack: 0x00007ffa1ebfa000,0x00007ffa1ecfa000] [id=22853]
  0x00007ffa18014390 GCTaskThread "GC Thread#9" [stack: 0x00007ffa1eaf8000,0x00007ffa1ebf8000] [id=22854]
  0x00007ffa9c09db70 ConcurrentGCThread "G1 Main Marker" [stack: 0x00007ffa7d416000,0x00007ffa7d516000] [id=22821]
  0x00007ffa9c09eae0 ConcurrentGCThread "G1 Conc#0" [stack: 0x00007ffa7d314000,0x00007ffa7d414000] [id=22822]
  0x00007ffa9c1550a0 ConcurrentGCThread "G1 Refine#0" [stack: 0x00007ffa7c808000,0x00007ffa7c908000] [id=22823]
  0x00007ffa68000eb0 ConcurrentGCThread "G1 Refine#1" [stack: 0x00007ffa1e9f6000,0x00007ffa1eaf6000] [id=22855]
  0x00007ff9a8000eb0 ConcurrentGCThread "G1 Refine#2" [stack: 0x00007ffa1e8f4000,0x00007ffa1e9f4000] [id=22856]
  0x00007ff9ac000eb0 ConcurrentGCThread "G1 Refine#3" [stack: 0x00007ffa1e7f2000,0x00007ffa1e8f2000] [id=22857]
  0x00007ff9a0000eb0 ConcurrentGCThread "G1 Refine#4" [stack: 0x00007ffa1e6f0000,0x00007ffa1e7f0000] [id=22858]
  0x00007ff9a4000eb0 ConcurrentGCThread "G1 Refine#5" [stack: 0x00007ffa1e5ee000,0x00007ffa1e6ee000] [id=22859]
  0x00007ff998000eb0 ConcurrentGCThread "G1 Refine#6" [stack: 0x00007ffa1e4ec000,0x00007ffa1e5ec000] [id=22860]
  0x00007ffa9c155f90 ConcurrentGCThread "G1 Service" [stack: 0x00007ffa7c706000,0x00007ffa7c806000] [id=22824]

Threads with active compile tasks:
C2 CompilerThread0     1476 3617       4       org.codehaus.plexus.interpolation.AbstractDelegatingValueSource::getValue (11 bytes)
C1 CompilerThread0     1476 3767       3       org.apache.maven.repository.internal.ArtifactDescriptorReaderDelegate::setArtifactProperties (79 bytes)
C2 CompilerThread1     1476 3630       4       java.util.stream.ReduceOps$3ReducingSink::accept (15 bytes)
C2 CompilerThread2     1476 3602       4       org.codehaus.plexus.interpolation.PrefixedValueSourceWrapper::getValue (39 bytes)

VM state: not at safepoint (normal execution)

VM Mutex/Monitor currently owned by a thread: None

Heap address: 0x0000000713000000, size: 3792 MB, Compressed Oops mode: Zero based, Oop shift amount: 3

CDS archive(s) mapped at: [0x00007ffa1f000000-0x00007ffa1fbeb000-0x00007ffa1fbeb000), size 12496896, SharedBaseAddress: 0x00007ffa1f000000, ArchiveRelocationMode: 1.
Compressed class space mapped at: 0x00007ffa20000000-0x00007ffa60000000, reserved size: 1073741824
Narrow klass base: 0x00007ffa1f000000, Narrow klass shift: 0, Narrow klass range: 0x100000000

GC Precious Log:
 CPUs: 12 total, 12 available
 Memory: 15162M
 Large Page Support: Disabled
 NUMA Support: Disabled
 Compressed Oops: Enabled (Zero based)
 Heap Region Size: 2M
 Heap Min Capacity: 8M
 Heap Initial Capacity: 238M
 Heap Max Capacity: 3792M
 Pre-touch: Disabled
 Parallel Workers: 10
 Concurrent Workers: 3
 Concurrent Refinement Workers: 10
 Periodic GC: Disabled

Heap:
 garbage-first heap   total 247808K, used 127757K [0x0000000713000000, 0x0000000800000000)
  region size 2048K, 56 young (114688K), 9 survivors (18432K)
 Metaspace       used 17066K, committed 17344K, reserved 1114112K
  class space    used 1990K, committed 2112K, reserved 1048576K

Heap Regions: E=young(eden), S=young(survivor), O=old, HS=humongous(starts), HC=humongous(continues), CS=collection set, F=free, OA=open archive, CA=closed archive, TAMS=top-at-mark-start (previous, next)
|   0|0x0000000713000000, 0x0000000713200000, 0x0000000713200000|100%|HS|  |TAMS 0x0000000713000000, 0x0000000713000000| Complete 
|   1|0x0000000713200000, 0x0000000713400000, 0x0000000713400000|100%| O|  |TAMS 0x0000000713200000, 0x0000000713200000| Untracked 
|   2|0x0000000713400000, 0x0000000713600000, 0x0000000713600000|100%| O|  |TAMS 0x0000000713400000, 0x0000000713400000| Untracked 
|   3|0x0000000713600000, 0x0000000713800000, 0x0000000713800000|100%| O|  |TAMS 0x0000000713600000, 0x0000000713600000| Untracked 
|   4|0x0000000713800000, 0x0000000713a00000, 0x0000000713a00000|100%| O|  |TAMS 0x0000000713800000, 0x0000000713800000| Untracked 
|   5|0x0000000713a00000, 0x0000000713c00000, 0x0000000713c00000|100%| O|  |TAMS 0x0000000713a00000, 0x0000000713a00000| Untracked 
|   6|0x0000000713c00000, 0x0000000713cc9600, 0x0000000713e00000| 39%| O|  |TAMS 0x0000000713c00000, 0x0000000713c00000| Untracked 
|   7|0x0000000713e00000, 0x0000000713e00000, 0x0000000714000000|  0%| F|  |TAMS 0x0000000713e00000, 0x0000000713e00000| Untracked 
|   8|0x0000000714000000, 0x0000000714000000, 0x0000000714200000|  0%| F|  |TAMS 0x0000000714000000, 0x0000000714000000| Untracked 
|   9|0x0000000714200000, 0x0000000714200000, 0x0000000714400000|  0%| F|  |TAMS 0x0000000714200000, 0x0000000714200000| Untracked 
|  10|0x0000000714400000, 0x0000000714400000, 0x0000000714600000|  0%| F|  |TAMS 0x0000000714400000, 0x0000000714400000| Untracked 
|  11|0x0000000714600000, 0x0000000714600000, 0x0000000714800000|  0%| F|  |TAMS 0x0000000714600000, 0x0000000714600000| Untracked 
|  12|0x0000000714800000, 0x0000000714800000, 0x0000000714a00000|  0%| F|  |TAMS 0x0000000714800000, 0x0000000714800000| Untracked 
|  13|0x0000000714a00000, 0x0000000714a00000, 0x0000000714c00000|  0%| F|  |TAMS 0x0000000714a00000, 0x0000000714a00000| Untracked 
|  14|0x0000000714c00000, 0x0000000714c00000, 0x0000000714e00000|  0%| F|  |TAMS 0x0000000714c00000, 0x0000000714c00000| Untracked 
|  15|0x0000000714e00000, 0x0000000714e00000, 0x0000000715000000|  0%| F|  |TAMS 0x0000000714e00000, 0x0000000714e00000| Untracked 
|  16|0x0000000715000000, 0x0000000715000000, 0x0000000715200000|  0%| F|  |TAMS 0x0000000715000000, 0x0000000715000000| Untracked 
|  17|0x0000000715200000, 0x0000000715200000, 0x0000000715400000|  0%| F|  |TAMS 0x0000000715200000, 0x0000000715200000| Untracked 
|  18|0x0000000715400000, 0x0000000715400000, 0x0000000715600000|  0%| F|  |TAMS 0x0000000715400000, 0x0000000715400000| Untracked 
|  19|0x0000000715600000, 0x0000000715600000, 0x0000000715800000|  0%| F|  |TAMS 0x0000000715600000, 0x0000000715600000| Untracked 
|  20|0x0000000715800000, 0x0000000715800000, 0x0000000715a00000|  0%| F|  |TAMS 0x0000000715800000, 0x0000000715800000| Untracked 
|  21|0x0000000715a00000, 0x0000000715a00000, 0x0000000715c00000|  0%| F|  |TAMS 0x0000000715a00000, 0x0000000715a00000| Untracked 
|  22|0x0000000715c00000, 0x0000000715c00000, 0x0000000715e00000|  0%| F|  |TAMS 0x0000000715c00000, 0x0000000715c00000| Untracked 
|  23|0x0000000715e00000, 0x0000000715e00000, 0x0000000716000000|  0%| F|  |TAMS 0x0000000715e00000, 0x0000000715e00000| Untracked 
|  24|0x0000000716000000, 0x0000000716000000, 0x0000000716200000|  0%| F|  |TAMS 0x0000000716000000, 0x0000000716000000| Untracked 
|  25|0x0000000716200000, 0x0000000716200000, 0x0000000716400000|  0%| F|  |TAMS 0x0000000716200000, 0x0000000716200000| Untracked 
|  26|0x0000000716400000, 0x0000000716400000, 0x0000000716600000|  0%| F|  |TAMS 0x0000000716400000, 0x0000000716400000| Untracked 
|  27|0x0000000716600000, 0x0000000716600000, 0x0000000716800000|  0%| F|  |TAMS 0x0000000716600000, 0x0000000716600000| Untracked 
|  28|0x0000000716800000, 0x0000000716800000, 0x0000000716a00000|  0%| F|  |TAMS 0x0000000716800000, 0x0000000716800000| Untracked 
|  29|0x0000000716a00000, 0x0000000716a00000, 0x0000000716c00000|  0%| F|  |TAMS 0x0000000716a00000, 0x0000000716a00000| Untracked 
|  30|0x0000000716c00000, 0x0000000716c00000, 0x0000000716e00000|  0%| F|  |TAMS 0x0000000716c00000, 0x0000000716c00000| Untracked 
|  31|0x0000000716e00000, 0x0000000716e00000, 0x0000000717000000|  0%| F|  |TAMS 0x0000000716e00000, 0x0000000716e00000| Untracked 
|  32|0x0000000717000000, 0x0000000717000000, 0x0000000717200000|  0%| F|  |TAMS 0x0000000717000000, 0x0000000717000000| Untracked 
|  33|0x0000000717200000, 0x0000000717200000, 0x0000000717400000|  0%| F|  |TAMS 0x0000000717200000, 0x0000000717200000| Untracked 
|  34|0x0000000717400000, 0x0000000717400000, 0x0000000717600000|  0%| F|  |TAMS 0x0000000717400000, 0x0000000717400000| Untracked 
|  35|0x0000000717600000, 0x0000000717600000, 0x0000000717800000|  0%| F|  |TAMS 0x0000000717600000, 0x0000000717600000| Untracked 
|  36|0x0000000717800000, 0x0000000717800000, 0x0000000717a00000|  0%| F|  |TAMS 0x0000000717800000, 0x0000000717800000| Untracked 
|  37|0x0000000717a00000, 0x0000000717a00000, 0x0000000717c00000|  0%| F|  |TAMS 0x0000000717a00000, 0x0000000717a00000| Untracked 
|  38|0x0000000717c00000, 0x0000000717c00000, 0x0000000717e00000|  0%| F|  |TAMS 0x0000000717c00000, 0x0000000717c00000| Untracked 
|  39|0x0000000717e00000, 0x0000000718000000, 0x0000000718000000|100%| S|CS|TAMS 0x0000000717e00000, 0x0000000717e00000| Complete 
|  40|0x0000000718000000, 0x0000000718200000, 0x0000000718200000|100%| S|CS|TAMS 0x0000000718000000, 0x0000000718000000| Complete 
|  41|0x0000000718200000, 0x0000000718400000, 0x0000000718400000|100%| S|CS|TAMS 0x0000000718200000, 0x0000000718200000| Complete 
|  42|0x0000000718400000, 0x0000000718600000, 0x0000000718600000|100%| S|CS|TAMS 0x0000000718400000, 0x0000000718400000| Complete 
|  43|0x0000000718600000, 0x0000000718800000, 0x0000000718800000|100%| S|CS|TAMS 0x0000000718600000, 0x0000000718600000| Complete 
|  44|0x0000000718800000, 0x0000000718a00000, 0x0000000718a00000|100%| S|CS|TAMS 0x0000000718800000, 0x0000000718800000| Complete 
|  45|0x0000000718a00000, 0x0000000718c00000, 0x0000000718c00000|100%| S|CS|TAMS 0x0000000718a00000, 0x0000000718a00000| Complete 
|  46|0x0000000718c00000, 0x0000000718e00000, 0x0000000718e00000|100%| S|CS|TAMS 0x0000000718c00000, 0x0000000718c00000| Complete 
|  47|0x0000000718e00000, 0x0000000719000000, 0x0000000719000000|100%| S|CS|TAMS 0x0000000718e00000, 0x0000000718e00000| Complete 
|  48|0x0000000719000000, 0x0000000719000000, 0x0000000719200000|  0%| F|  |TAMS 0x0000000719000000, 0x0000000719000000| Untracked 
|  49|0x0000000719200000, 0x0000000719200000, 0x0000000719400000|  0%| F|  |TAMS 0x0000000719200000, 0x0000000719200000| Untracked 
|  50|0x0000000719400000, 0x0000000719400000, 0x0000000719600000|  0%| F|  |TAMS 0x0000000719400000, 0x0000000719400000| Untracked 
|  51|0x0000000719600000, 0x0000000719600000, 0x0000000719800000|  0%| F|  |TAMS 0x0000000719600000, 0x0000000719600000| Untracked 
|  52|0x0000000719800000, 0x0000000719800000, 0x0000000719a00000|  0%| F|  |TAMS 0x0000000719800000, 0x0000000719800000| Untracked 
|  53|0x0000000719a00000, 0x0000000719a00000, 0x0000000719c00000|  0%| F|  |TAMS 0x0000000719a00000, 0x0000000719a00000| Untracked 
|  54|0x0000000719c00000, 0x0000000719c00000, 0x0000000719e00000|  0%| F|  |TAMS 0x0000000719c00000, 0x0000000719c00000| Untracked 
|  55|0x0000000719e00000, 0x0000000719e00000, 0x000000071a000000|  0%| F|  |TAMS 0x0000000719e00000, 0x0000000719e00000| Untracked 
|  56|0x000000071a000000, 0x000000071a000000, 0x000000071a200000|  0%| F|  |TAMS 0x000000071a000000, 0x000000071a000000| Untracked 
|  57|0x000000071a200000, 0x000000071a200000, 0x000000071a400000|  0%| F|  |TAMS 0x000000071a200000, 0x000000071a200000| Untracked 
|  58|0x000000071a400000, 0x000000071a400000, 0x000000071a600000|  0%| F|  |TAMS 0x000000071a400000, 0x000000071a400000| Untracked 
|  59|0x000000071a600000, 0x000000071a600000, 0x000000071a800000|  0%| F|  |TAMS 0x000000071a600000, 0x000000071a600000| Untracked 
|  60|0x000000071a800000, 0x000000071a800000, 0x000000071aa00000|  0%| F|  |TAMS 0x000000071a800000, 0x000000071a800000| Untracked 
|  61|0x000000071aa00000, 0x000000071aa00000, 0x000000071ac00000|  0%| F|  |TAMS 0x000000071aa00000, 0x000000071aa00000| Untracked 
|  62|0x000000071ac00000, 0x000000071ac00000, 0x000000071ae00000|  0%| F|  |TAMS 0x000000071ac00000, 0x000000071ac00000| Untracked 
|  63|0x000000071ae00000, 0x000000071ae00000, 0x000000071b000000|  0%| F|  |TAMS 0x000000071ae00000, 0x000000071ae00000| Untracked 
|  64|0x000000071b000000, 0x000000071b000000, 0x000000071b200000|  0%| F|  |TAMS 0x000000071b000000, 0x000000071b000000| Untracked 
|  65|0x000000071b200000, 0x000000071b200000, 0x000000071b400000|  0%| F|  |TAMS 0x000000071b200000, 0x000000071b200000| Untracked 
|  66|0x000000071b400000, 0x000000071b400000, 0x000000071b600000|  0%| F|  |TAMS 0x000000071b400000, 0x000000071b400000| Untracked 
|  67|0x000000071b600000, 0x000000071b600000, 0x000000071b800000|  0%| F|  |TAMS 0x000000071b600000, 0x000000071b600000| Untracked 
|  68|0x000000071b800000, 0x000000071b800000, 0x000000071ba00000|  0%| F|  |TAMS 0x000000071b800000, 0x000000071b800000| Untracked 
|  69|0x000000071ba00000, 0x000000071ba00000, 0x000000071bc00000|  0%| F|  |TAMS 0x000000071ba00000, 0x000000071ba00000| Untracked 
|  70|0x000000071bc00000, 0x000000071bc00000, 0x000000071be00000|  0%| F|  |TAMS 0x000000071bc00000, 0x000000071bc00000| Untracked 
|  71|0x000000071be00000, 0x000000071be00000, 0x000000071c000000|  0%| F|  |TAMS 0x000000071be00000, 0x000000071be00000| Untracked 
|  72|0x000000071c000000, 0x000000071c200000, 0x000000071c200000|100%| E|  |TAMS 0x000000071c000000, 0x000000071c000000| Complete 
|  73|0x000000071c200000, 0x000000071c400000, 0x000000071c400000|100%| E|CS|TAMS 0x000000071c200000, 0x000000071c200000| Complete 
|  74|0x000000071c400000, 0x000000071c600000, 0x000000071c600000|100%| E|CS|TAMS 0x000000071c400000, 0x000000071c400000| Complete 
|  75|0x000000071c600000, 0x000000071c800000, 0x000000071c800000|100%| E|CS|TAMS 0x000000071c600000, 0x000000071c600000| Complete 
|  76|0x000000071c800000, 0x000000071ca00000, 0x000000071ca00000|100%| E|CS|TAMS 0x000000071c800000, 0x000000071c800000| Complete 
|  77|0x000000071ca00000, 0x000000071cc00000, 0x000000071cc00000|100%| E|CS|TAMS 0x000000071ca00000, 0x000000071ca00000| Complete 
|  78|0x000000071cc00000, 0x000000071ce00000, 0x000000071ce00000|100%| E|CS|TAMS 0x000000071cc00000, 0x000000071cc00000| Complete 
|  79|0x000000071ce00000, 0x000000071d000000, 0x000000071d000000|100%| E|CS|TAMS 0x000000071ce00000, 0x000000071ce00000| Complete 
|  80|0x000000071d000000, 0x000000071d200000, 0x000000071d200000|100%| E|CS|TAMS 0x000000071d000000, 0x000000071d000000| Complete 
|  81|0x000000071d200000, 0x000000071d400000, 0x000000071d400000|100%| E|CS|TAMS 0x000000071d200000, 0x000000071d200000| Complete 
|  82|0x000000071d400000, 0x000000071d600000, 0x000000071d600000|100%| E|CS|TAMS 0x000000071d400000, 0x000000071d400000| Complete 
|  83|0x000000071d600000, 0x000000071d800000, 0x000000071d800000|100%| E|CS|TAMS 0x000000071d600000, 0x000000071d600000| Complete 
|  84|0x000000071d800000, 0x000000071da00000, 0x000000071da00000|100%| E|CS|TAMS 0x000000071d800000, 0x000000071d800000| Complete 
|  85|0x000000071da00000, 0x000000071dc00000, 0x000000071dc00000|100%| E|CS|TAMS 0x000000071da00000, 0x000000071da00000| Complete 
|  86|0x000000071dc00000, 0x000000071de00000, 0x000000071de00000|100%| E|CS|TAMS 0x000000071dc00000, 0x000000071dc00000| Complete 
|  87|0x000000071de00000, 0x000000071e000000, 0x000000071e000000|100%| E|CS|TAMS 0x000000071de00000, 0x000000071de00000| Complete 
|  88|0x000000071e000000, 0x000000071e200000, 0x000000071e200000|100%| E|CS|TAMS 0x000000071e000000, 0x000000071e000000| Complete 
|  89|0x000000071e200000, 0x000000071e400000, 0x000000071e400000|100%| E|CS|TAMS 0x000000071e200000, 0x000000071e200000| Complete 
|  90|0x000000071e400000, 0x000000071e600000, 0x000000071e600000|100%| E|CS|TAMS 0x000000071e400000, 0x000000071e400000| Complete 
|  91|0x000000071e600000, 0x000000071e800000, 0x000000071e800000|100%| E|CS|TAMS 0x000000071e600000, 0x000000071e600000| Complete 
|  92|0x000000071e800000, 0x000000071ea00000, 0x000000071ea00000|100%| E|CS|TAMS 0x000000071e800000, 0x000000071e800000| Complete 
|  93|0x000000071ea00000, 0x000000071ec00000, 0x000000071ec00000|100%| E|CS|TAMS 0x000000071ea00000, 0x000000071ea00000| Complete 
|  94|0x000000071ec00000, 0x000000071ee00000, 0x000000071ee00000|100%| E|CS|TAMS 0x000000071ec00000, 0x000000071ec00000| Complete 
|  95|0x000000071ee00000, 0x000000071f000000, 0x000000071f000000|100%| E|CS|TAMS 0x000000071ee00000, 0x000000071ee00000| Complete 
|  96|0x000000071f000000, 0x000000071f200000, 0x000000071f200000|100%| E|CS|TAMS 0x000000071f000000, 0x000000071f000000| Complete 
|  97|0x000000071f200000, 0x000000071f400000, 0x000000071f400000|100%| E|CS|TAMS 0x000000071f200000, 0x000000071f200000| Complete 
|  98|0x000000071f400000, 0x000000071f600000, 0x000000071f600000|100%| E|CS|TAMS 0x000000071f400000, 0x000000071f400000| Complete 
|  99|0x000000071f600000, 0x000000071f800000, 0x000000071f800000|100%| E|CS|TAMS 0x000000071f600000, 0x000000071f600000| Complete 
| 100|0x000000071f800000, 0x000000071fa00000, 0x000000071fa00000|100%| E|CS|TAMS 0x000000071f800000, 0x000000071f800000| Complete 
| 101|0x000000071fa00000, 0x000000071fc00000, 0x000000071fc00000|100%| E|CS|TAMS 0x000000071fa00000, 0x000000071fa00000| Complete 
| 102|0x000000071fc00000, 0x000000071fe00000, 0x000000071fe00000|100%| E|CS|TAMS 0x000000071fc00000, 0x000000071fc00000| Complete 
| 103|0x000000071fe00000, 0x0000000720000000, 0x0000000720000000|100%| E|CS|TAMS 0x000000071fe00000, 0x000000071fe00000| Complete 
| 104|0x0000000720000000, 0x0000000720200000, 0x0000000720200000|100%| E|CS|TAMS 0x0000000720000000, 0x0000000720000000| Complete 
| 105|0x0000000720200000, 0x0000000720400000, 0x0000000720400000|100%| E|CS|TAMS 0x0000000720200000, 0x0000000720200000| Complete 
| 106|0x0000000720400000, 0x0000000720600000, 0x0000000720600000|100%| E|CS|TAMS 0x0000000720400000, 0x0000000720400000| Complete 
| 107|0x0000000720600000, 0x0000000720800000, 0x0000000720800000|100%| E|CS|TAMS 0x0000000720600000, 0x0000000720600000| Complete 
| 108|0x0000000720800000, 0x0000000720a00000, 0x0000000720a00000|100%| E|CS|TAMS 0x0000000720800000, 0x0000000720800000| Complete 
| 109|0x0000000720a00000, 0x0000000720c00000, 0x0000000720c00000|100%| E|CS|TAMS 0x0000000720a00000, 0x0000000720a00000| Complete 
| 110|0x0000000720c00000, 0x0000000720e00000, 0x0000000720e00000|100%| E|CS|TAMS 0x0000000720c00000, 0x0000000720c00000| Complete 
| 111|0x0000000720e00000, 0x0000000721000000, 0x0000000721000000|100%| E|CS|TAMS 0x0000000720e00000, 0x0000000720e00000| Complete 
| 112|0x0000000721000000, 0x0000000721200000, 0x0000000721200000|100%| E|CS|TAMS 0x0000000721000000, 0x0000000721000000| Complete 
| 113|0x0000000721200000, 0x0000000721400000, 0x0000000721400000|100%| E|CS|TAMS 0x0000000721200000, 0x0000000721200000| Complete 
| 114|0x0000000721400000, 0x0000000721600000, 0x0000000721600000|100%| E|CS|TAMS 0x0000000721400000, 0x0000000721400000| Complete 
| 115|0x0000000721600000, 0x0000000721800000, 0x0000000721800000|100%| E|CS|TAMS 0x0000000721600000, 0x0000000721600000| Complete 
| 116|0x0000000721800000, 0x0000000721a00000, 0x0000000721a00000|100%| E|CS|TAMS 0x0000000721800000, 0x0000000721800000| Complete 
| 117|0x0000000721a00000, 0x0000000721c00000, 0x0000000721c00000|100%| E|CS|TAMS 0x0000000721a00000, 0x0000000721a00000| Complete 
| 118|0x0000000721c00000, 0x0000000721e00000, 0x0000000721e00000|100%| E|CS|TAMS 0x0000000721c00000, 0x0000000721c00000| Complete 
|1894|0x00000007ffc00000, 0x00000007ffd77000, 0x00000007ffe00000| 73%|OA|  |TAMS 0x00000007ffc00000, 0x00000007ffc00000| Untracked 
|1895|0x00000007ffe00000, 0x00000007ffe83000, 0x0000000800000000| 25%|CA|  |TAMS 0x00000007ffe00000, 0x00000007ffe00000| Untracked 

Card table byte_map: [0x00007ffaa0150000,0x00007ffaa08b8000] _byte_map_base: 0x00007ffa9c8b8000

Marking Bits (Prev, Next): (CMBitMap*) 0x00007ffa9c08e2e0, (CMBitMap*) 0x00007ffa9c08e320
 Prev Bits: [0x00007ffa81158000, 0x00007ffa84c98000)
 Next Bits: [0x00007ffa7d618000, 0x00007ffa81158000)

Polling page: 0x00007ffaa3462000

Metaspace:

Usage:
  Non-class:     14.72 MB used.
      Class:      1.94 MB used.
       Both:     16.67 MB used.

Virtual space:
  Non-class space:       64.00 MB reserved,      14.88 MB ( 23%) committed,  1 nodes.
      Class space:        1.00 GB reserved,       2.06 MB ( <1%) committed,  1 nodes.
             Both:        1.06 GB reserved,      16.94 MB (  2%) committed. 

Chunk freelists:
   Non-Class:  366.00 KB
       Class:  13.99 MB
        Both:  14.35 MB

MaxMetaspaceSize: unlimited
CompressedClassSpaceSize: 1.00 GB
Initial GC threshold: 21.00 MB
Current GC threshold: 21.00 MB
CDS: on
MetaspaceReclaimPolicy: balanced
 - commit_granule_bytes: 65536.
 - commit_granule_words: 8192.
 - virtual_space_node_default_size: 8388608.
 - enlarge_chunks_in_place: 1.
 - new_chunks_are_fully_committed: 0.
 - uncommit_free_chunks: 1.
 - use_allocation_guard: 0.
 - handle_deallocations: 1.


Internal statistics:

num_allocs_failed_limit: 0.
num_arena_births: 248.
num_arena_deaths: 0.
num_vsnodes_births: 2.
num_vsnodes_deaths: 0.
num_space_committed: 271.
num_space_uncommitted: 0.
num_chunks_returned_to_freelist: 0.
num_chunks_taken_from_freelist: 839.
num_chunk_merges: 0.
num_chunk_splits: 520.
num_chunks_enlarged: 356.
num_inconsistent_stats: 0.

CodeHeap 'non-profiled nmethods': size=120028Kb used=2114Kb max_used=2114Kb free=117914Kb
 bounds [0x00007ffa8cec9000, 0x00007ffa8d139000, 0x00007ffa94400000]
CodeHeap 'profiled nmethods': size=120028Kb used=8175Kb max_used=8175Kb free=111852Kb
 bounds [0x00007ffa85400000, 0x00007ffa85c00000, 0x00007ffa8c937000]
CodeHeap 'non-nmethods': size=5704Kb used=1174Kb max_used=1248Kb free=4529Kb
 bounds [0x00007ffa8c937000, 0x00007ffa8cba7000, 0x00007ffa8cec9000]
 total_blobs=4224 nmethods=3752 adapters=385
 compilation: enabled
              stopped_count=0, restarted_count=0
 full_count=0

Compilation events (20 events):
Event: 1.466 Thread 0x00007ffa9c194260 nmethod 3744 0x00007ffa85beb090 code [0x00007ffa85beb280, 0x00007ffa85beb940]
Event: 1.466 Thread 0x00007ffa9c194260 3745       3       org.apache.maven.model.merge.ModelMerger::mergeBuild_SourceDirectory (43 bytes)
Event: 1.466 Thread 0x00007ffa9c194260 nmethod 3745 0x00007ffa85bebb10 code [0x00007ffa85bebce0, 0x00007ffa85bec0f0]
Event: 1.466 Thread 0x00007ffa9c194260 3747       3       java.io.File::length (33 bytes)
Event: 1.466 Thread 0x00007ffa9c194260 nmethod 3747 0x00007ffa85bec210 code [0x00007ffa85bec400, 0x00007ffa85bec800]
Event: 1.466 Thread 0x00007ffa9c194260 3748       3       org.eclipse.aether.internal.impl.synccontext.named.NamedLockFactoryAdapter::newInstance (19 bytes)
Event: 1.466 Thread 0x00007ffa9c194260 nmethod 3748 0x00007ffa85bec990 code [0x00007ffa85becb40, 0x00007ffa85becd20]
Event: 1.466 Thread 0x00007ffa9c194260 3749       3       org.eclipse.aether.internal.impl.EnhancedLocalRepositoryManager::find (163 bytes)
Event: 1.467 Thread 0x00007ffa9c194260 nmethod 3749 0x00007ffa85bece10 code [0x00007ffa85bed160, 0x00007ffa85bee680]
Event: 1.467 Thread 0x00007ffa9c194260 3752       3       org.apache.maven.model.path.DefaultPathTranslator::alignToBaseDirectory (106 bytes)
Event: 1.467 Thread 0x00007ffa9c194260 nmethod 3752 0x00007ffa85beee10 code [0x00007ffa85bef0a0, 0x00007ffa85bef970]
Event: 1.467 Thread 0x00007ffa9c194260 3751   !   3       org.codehaus.plexus.interpolation.RegexBasedInterpolator::interpolate (216 bytes)
Event: 1.468 Thread 0x00007ffa9c194260 nmethod 3751 0x00007ffa85befd10 code [0x00007ffa85bf0140, 0x00007ffa85bf1c40]
Event: 1.468 Thread 0x00007ffa9c194260 3750       3       org.apache.maven.model.building.DefaultModelBuildingResult::<init> (60 bytes)
Event: 1.469 Thread 0x00007ffa9c194260 nmethod 3750 0x00007ffa85bf2590 code [0x00007ffa85bf2800, 0x00007ffa85bf3550]
Event: 1.469 Thread 0x00007ffa9c194260 3754   !   3       org.apache.maven.model.building.DefaultModelBuilder::interpolateModel (208 bytes)
Event: 1.470 Thread 0x00007ffa9c194260 nmethod 3754 0x00007ffa85bf3890 code [0x00007ffa85bf3d80, 0x00007ffa85bf6310]
Event: 1.470 Thread 0x00007ffa9c194260 3755       3       org.apache.maven.model.building.DefaultModelBuilder::build (236 bytes)
Event: 1.471 Thread 0x00007ffa9c194260 nmethod 3755 0x00007ffa85bf7290 code [0x00007ffa85bf75e0, 0x00007ffa85bf8730]
Event: 1.471 Thread 0x00007ffa9c194260 3756       1       org.apache.maven.model.MailingList::setName (6 bytes)

GC Heap History (6 events):
Event: 0.329 GC heap before
{Heap before GC invocations=0 (full 0):
 garbage-first heap   total 247808K, used 26600K [0x0000000713000000, 0x0000000800000000)
  region size 2048K, 11 young (22528K), 0 survivors (0K)
 Metaspace       used 2923K, committed 3136K, reserved 1114112K
  class space    used 315K, committed 448K, reserved 1048576K
}
Event: 0.331 GC heap after
{Heap after GC invocations=1 (full 0):
 garbage-first heap   total 247808K, used 10770K [0x0000000713000000, 0x0000000800000000)
  region size 2048K, 2 young (4096K), 2 survivors (4096K)
 Metaspace       used 2923K, committed 3136K, reserved 1114112K
  class space    used 315K, committed 448K, reserved 1048576K
}
Event: 0.640 GC heap before
{Heap before GC invocations=1 (full 0):
 garbage-first heap   total 247808K, used 43538K [0x0000000713000000, 0x0000000800000000)
  region size 2048K, 18 young (36864K), 2 survivors (4096K)
 Metaspace       used 9701K, committed 9984K, reserved 1114112K
  class space    used 1202K, committed 1344K, reserved 1048576K
}
Event: 0.642 GC heap after
{Heap after GC invocations=2 (full 0):
 garbage-first heap   total 247808K, used 13265K [0x0000000713000000, 0x0000000800000000)
  region size 2048K, 1 young (2048K), 1 survivors (2048K)
 Metaspace       used 9701K, committed 9984K, reserved 1114112K
  class space    used 1202K, committed 1344K, reserved 1048576K
}
Event: 1.246 GC heap before
{Heap before GC invocations=2 (full 0):
 garbage-first heap   total 247808K, used 156625K [0x0000000713000000, 0x0000000800000000)
  region size 2048K, 71 young (145408K), 1 survivors (2048K)
 Metaspace       used 16615K, committed 16896K, reserved 1114112K
  class space    used 1984K, committed 2112K, reserved 1048576K
}
Event: 1.255 GC heap after
{Heap after GC invocations=3 (full 0):
 garbage-first heap   total 247808K, used 33549K [0x0000000713000000, 0x0000000800000000)
  region size 2048K, 9 young (18432K), 9 survivors (18432K)
 Metaspace       used 16615K, committed 16896K, reserved 1114112K
  class space    used 1984K, committed 2112K, reserved 1048576K
}

Dll operation events (9 events):
Event: 0.002 Loaded shared library /usr/local/mandrel-java17-23.0.1.2-Final/lib/libjava.so
Event: 0.022 Loaded shared library /usr/local/mandrel-java17-23.0.1.2-Final/lib/libjsvml.so
Event: 0.032 Loaded shared library /usr/local/mandrel-java17-23.0.1.2-Final/lib/libnio.so
Event: 0.033 Loaded shared library /usr/local/mandrel-java17-23.0.1.2-Final/lib/libzip.so
Event: 0.079 Loaded shared library /usr/local/mandrel-java17-23.0.1.2-Final/lib/libmanagement.so
Event: 0.081 Loaded shared library /usr/local/mandrel-java17-23.0.1.2-Final/lib/libmanagement_ext.so
Event: 0.096 Loaded shared library /usr/local/mandrel-java17-23.0.1.2-Final/lib/libjimage.so
Event: 0.482 Loaded shared library /usr/local/mandrel-java17-23.0.1.2-Final/lib/libnet.so
Event: 0.645 Loaded shared library /usr/local/mandrel-java17-23.0.1.2-Final/lib/libverify.so

Deoptimization events (20 events):
Event: 1.405 Thread 0x00007ffa9c0256b0 Uncommon trap: trap_request=0xffffffbe fr.pc=0x00007ffa8d0c7e1c relative=0x000000000000047c
Event: 1.405 Thread 0x00007ffa9c0256b0 Uncommon trap: reason=profile_predicate action=maybe_recompile pc=0x00007ffa8d0c7e1c method=java.util.regex.Pattern$Slice.match(Ljava/util/regex/Matcher;ILjava/lang/CharSequence;)Z @ 18 c2
Event: 1.405 Thread 0x00007ffa9c0256b0 DEOPT PACKING pc=0x00007ffa8d0c7e1c sp=0x00007ffaa3329730
Event: 1.405 Thread 0x00007ffa9c0256b0 DEOPT UNPACKING pc=0x00007ffa8c98d699 sp=0x00007ffaa33296f0 mode 2
Event: 1.405 Thread 0x00007ffa9c0256b0 Uncommon trap: trap_request=0xffffffbe fr.pc=0x00007ffa8d0c7e1c relative=0x000000000000047c
Event: 1.405 Thread 0x00007ffa9c0256b0 Uncommon trap: reason=profile_predicate action=maybe_recompile pc=0x00007ffa8d0c7e1c method=java.util.regex.Pattern$Slice.match(Ljava/util/regex/Matcher;ILjava/lang/CharSequence;)Z @ 18 c2
Event: 1.405 Thread 0x00007ffa9c0256b0 DEOPT PACKING pc=0x00007ffa8d0c7e1c sp=0x00007ffaa3329730
Event: 1.405 Thread 0x00007ffa9c0256b0 DEOPT UNPACKING pc=0x00007ffa8c98d699 sp=0x00007ffaa33296f0 mode 2
Event: 1.405 Thread 0x00007ffa9c0256b0 Uncommon trap: trap_request=0xffffffbe fr.pc=0x00007ffa8d0c7e1c relative=0x000000000000047c
Event: 1.405 Thread 0x00007ffa9c0256b0 Uncommon trap: reason=profile_predicate action=maybe_recompile pc=0x00007ffa8d0c7e1c method=java.util.regex.Pattern$Slice.match(Ljava/util/regex/Matcher;ILjava/lang/CharSequence;)Z @ 18 c2
Event: 1.405 Thread 0x00007ffa9c0256b0 DEOPT PACKING pc=0x00007ffa8d0c7e1c sp=0x00007ffaa3329730
Event: 1.405 Thread 0x00007ffa9c0256b0 DEOPT UNPACKING pc=0x00007ffa8c98d699 sp=0x00007ffaa33296f0 mode 2
Event: 1.405 Thread 0x00007ffa9c0256b0 Uncommon trap: trap_request=0xffffffbe fr.pc=0x00007ffa8d0c7e1c relative=0x000000000000047c
Event: 1.405 Thread 0x00007ffa9c0256b0 Uncommon trap: reason=profile_predicate action=maybe_recompile pc=0x00007ffa8d0c7e1c method=java.util.regex.Pattern$Slice.match(Ljava/util/regex/Matcher;ILjava/lang/CharSequence;)Z @ 18 c2
Event: 1.405 Thread 0x00007ffa9c0256b0 DEOPT PACKING pc=0x00007ffa8d0c7e1c sp=0x00007ffaa3329730
Event: 1.405 Thread 0x00007ffa9c0256b0 DEOPT UNPACKING pc=0x00007ffa8c98d699 sp=0x00007ffaa33296f0 mode 2
Event: 1.461 Thread 0x00007ffa9c0256b0 Uncommon trap: trap_request=0xffffff45 fr.pc=0x00007ffa8d0959f0 relative=0x00000000000032b0
Event: 1.461 Thread 0x00007ffa9c0256b0 Uncommon trap: reason=unstable_if action=reinterpret pc=0x00007ffa8d0959f0 method=org.apache.maven.model.Plugin.clone()Lorg/apache/maven/model/Plugin; @ 140 c2
Event: 1.461 Thread 0x00007ffa9c0256b0 DEOPT PACKING pc=0x00007ffa8d0959f0 sp=0x00007ffaa33289b0
Event: 1.461 Thread 0x00007ffa9c0256b0 DEOPT UNPACKING pc=0x00007ffa8c98d699 sp=0x00007ffaa33289d0 mode 2

Classes unloaded (0 events):
No events

Classes redefined (0 events):
No events

Internal exceptions (20 events):
Event: 0.441 Thread 0x00007ffa9c0256b0 Exception <a 'java/lang/IncompatibleClassChangeError'{0x0000000721524310}: Found class java.lang.Object, but interface was expected> (0x0000000721524310) 
thrown [src/hotspot/share/interpreter/linkResolver.cpp, line 826]
Event: 0.443 Thread 0x00007ffa9c0256b0 Exception <a 'java/lang/NoSuchMethodError'{0x000000072155b700}: 'void java.lang.invoke.DirectMethodHandle$Holder.invokeStatic(java.lang.Object, java.lang.Object, java.lang.Object, java.lang.Object)'> (0x000000072155b700) 
thrown [src/hotspot/share/interpreter/linkResolver.cpp, line 758]
Event: 0.448 Thread 0x00007ffa9c0256b0 Exception <a 'java/lang/NoSuchMethodError'{0x00000007215f48e8}: 'int java.lang.invoke.DirectMethodHandle$Holder.invokeStatic(java.lang.Object, java.lang.Object, java.lang.Object, java.lang.Object)'> (0x00000007215f48e8) 
thrown [src/hotspot/share/interpreter/linkResolver.cpp, line 758]
Event: 0.448 Thread 0x00007ffa9c0256b0 Exception <a 'java/lang/NoSuchMethodError'{0x00000007215f8268}: 'java.lang.Object java.lang.invoke.Invokers$Holder.invokeExact_MT(java.lang.Object, java.lang.Object, java.lang.Object, java.lang.Object, java.lang.Object, java.lang.Object)'> (0x00000007215f8268) 
thrown [src/hotspot/share/interpreter/linkResolver.cpp, line 758]
Event: 0.449 Thread 0x00007ffa9c0256b0 Exception <a 'java/lang/NoSuchMethodError'{0x0000000721208558}: 'int java.lang.invoke.DirectMethodHandle$Holder.invokeStatic(java.lang.Object, java.lang.Object, java.lang.Object, java.lang.Object, java.lang.Object)'> (0x0000000721208558) 
thrown [src/hotspot/share/interpreter/linkResolver.cpp, line 758]
Event: 0.454 Thread 0x00007ffa9c0256b0 Exception <a 'java/lang/NoSuchMethodError'{0x0000000721277700}: 'void java.lang.invoke.DirectMethodHandle$Holder.invokeStaticInit(java.lang.Object)'> (0x0000000721277700) 
thrown [src/hotspot/share/interpreter/linkResolver.cpp, line 758]
Event: 0.471 Thread 0x00007ffa9c0256b0 Exception <a 'java/lang/NoSuchMethodError'{0x00000007210f9cb8}: 'int java.lang.invoke.DirectMethodHandle$Holder.invokeStaticInit(java.lang.Object, java.lang.Object)'> (0x00000007210f9cb8) 
thrown [src/hotspot/share/interpreter/linkResolver.cpp, line 758]
Event: 0.482 Thread 0x00007ffa9cd8c100 Exception <a 'sun/nio/fs/UnixException'{0x0000000720f95fd0}> (0x0000000720f95fd0) 
thrown [src/hotspot/share/prims/jni.cpp, line 516]
Event: 0.485 Thread 0x00007ffa9c0256b0 Exception <a 'java/lang/NoSuchMethodError'{0x0000000720f06ae0}: 'java.lang.Object java.lang.invoke.DirectMethodHandle$Holder.invokeStatic(java.lang.Object, java.lang.Object, long, java.lang.Object)'> (0x0000000720f06ae0) 
thrown [src/hotspot/share/interpreter/linkResolver.cpp, line 758]
Event: 0.485 Thread 0x00007ffa9c0256b0 Exception <a 'java/lang/NoSuchMethodError'{0x0000000720f0a820}: 'java.lang.Object java.lang.invoke.DirectMethodHandle$Holder.invokeStaticInit(java.lang.Object, java.lang.Object, long, java.lang.Object)'> (0x0000000720f0a820) 
thrown [src/hotspot/share/interpreter/linkResolver.cpp, line 758]
Event: 0.485 Thread 0x00007ffa9c0256b0 Exception <a 'java/lang/NoSuchMethodError'{0x0000000720f110d8}: 'java.lang.Object java.lang.invoke.DirectMethodHandle$Holder.newInvokeSpecial(java.lang.Object, java.lang.Object, long)'> (0x0000000720f110d8) 
thrown [src/hotspot/share/interpreter/linkResolver.cpp, line 758]
Event: 0.485 Thread 0x00007ffa9c0256b0 Exception <a 'java/lang/NoSuchMethodError'{0x0000000720f15198}: 'java.lang.Object java.lang.invoke.Invokers$Holder.linkToTargetMethod(java.lang.Object, long, java.lang.Object)'> (0x0000000720f15198) 
thrown [src/hotspot/share/interpreter/linkResolver.cpp, line 758]
Event: 0.489 Thread 0x00007ffa9cd8c100 Exception <a 'sun/nio/fs/UnixException'{0x0000000720c09200}> (0x0000000720c09200) 
thrown [src/hotspot/share/prims/jni.cpp, line 516]
Event: 0.511 Thread 0x00007ffa9cd8c100 Exception <a 'sun/nio/fs/UnixException'{0x00000007209289f8}> (0x00000007209289f8) 
thrown [src/hotspot/share/prims/jni.cpp, line 516]
Event: 0.511 Thread 0x00007ffa9cd8c100 Exception <a 'sun/nio/fs/UnixException'{0x0000000720929a70}> (0x0000000720929a70) 
thrown [src/hotspot/share/prims/jni.cpp, line 516]
Event: 0.568 Thread 0x00007ffa9c0256b0 Exception <a 'java/lang/NoSuchMethodError'{0x000000071fedb4d8}: 'void java.lang.invoke.DirectMethodHandle$Holder.invokeStatic(java.lang.Object, java.lang.Object)'> (0x000000071fedb4d8) 
thrown [src/hotspot/share/interpreter/linkResolver.cpp, line 758]
Event: 0.639 Thread 0x00007ffa9c0256b0 Exception <a 'java/lang/NoSuchMethodError'{0x000000071fbd5bf0}: 'int java.lang.invoke.DirectMethodHandle$Holder.invokeStatic(java.lang.Object, java.lang.Object, java.lang.Object, int)'> (0x000000071fbd5bf0) 
thrown [src/hotspot/share/interpreter/linkResolver.cpp, line 758]
Event: 0.639 Thread 0x00007ffa9c0256b0 Exception <a 'java/lang/NoSuchMethodError'{0x000000071fbd9940}: 'int java.lang.invoke.DirectMethodHandle$Holder.invokeStaticInit(java.lang.Object, java.lang.Object, java.lang.Object, int)'> (0x000000071fbd9940) 
thrown [src/hotspot/share/interpreter/linkResolver.cpp, line 758]
Event: 0.811 Thread 0x00007ffa9c0256b0 Exception <a 'java/lang/NoSuchMethodError'{0x000000071fa46550}: 'void java.lang.invoke.DirectMethodHandle$Holder.invokeVirtual(java.lang.Object, java.lang.Object)'> (0x000000071fa46550) 
thrown [src/hotspot/share/interpreter/linkResolver.cpp, line 758]
Event: 0.955 Thread 0x00007ffa9c0256b0 Implicit null exception at 0x00007ffa8cee5754 to 0x00007ffa8cee5d20

VM Operations (20 events):
Event: 0.860 Executing VM operation: HandshakeAllThreads
Event: 0.860 Executing VM operation: HandshakeAllThreads done
Event: 0.861 Executing VM operation: HandshakeAllThreads
Event: 0.861 Executing VM operation: HandshakeAllThreads done
Event: 0.917 Executing VM operation: ICBufferFull
Event: 0.917 Executing VM operation: ICBufferFull done
Event: 1.037 Executing VM operation: ICBufferFull
Event: 1.037 Executing VM operation: ICBufferFull done
Event: 1.244 Executing VM operation: HandshakeAllThreads
Event: 1.244 Executing VM operation: HandshakeAllThreads done
Event: 1.245 Executing VM operation: ICBufferFull
Event: 1.246 Executing VM operation: ICBufferFull done
Event: 1.246 Executing VM operation: ICBufferFull
Event: 1.246 Executing VM operation: ICBufferFull done
Event: 1.246 Executing VM operation: G1CollectForAllocation
Event: 1.255 Executing VM operation: G1CollectForAllocation done
Event: 1.294 Executing VM operation: HandshakeAllThreads
Event: 1.294 Executing VM operation: HandshakeAllThreads done
Event: 1.390 Executing VM operation: ICBufferFull
Event: 1.390 Executing VM operation: ICBufferFull done

Events (20 events):
Event: 0.869 loading class sun/nio/fs/UnixFileSystemProvider$3
Event: 0.869 loading class sun/nio/fs/UnixFileSystemProvider$3 done
Event: 0.869 loading class sun/nio/ch/FileLockImpl
Event: 0.869 loading class sun/nio/ch/FileLockImpl done
Event: 0.869 loading class sun/nio/ch/FileLockTable
Event: 0.869 loading class sun/nio/ch/FileLockTable done
Event: 0.869 loading class sun/nio/ch/FileKey
Event: 0.869 loading class sun/nio/ch/FileKey done
Event: 0.869 loading class sun/nio/ch/FileLockTable$FileLockReference
Event: 0.869 loading class sun/nio/ch/FileLockTable$FileLockReference done
Event: 0.869 loading class java/nio/channels/spi/AbstractInterruptibleChannel$1
Event: 0.869 loading class sun/nio/ch/Interruptible
Event: 0.869 loading class sun/nio/ch/Interruptible done
Event: 0.870 loading class java/nio/channels/spi/AbstractInterruptibleChannel$1 done
Event: 0.892 loading class java/lang/Process
Event: 0.892 loading class java/lang/Process done
Event: 1.294 loading class sun/nio/cs/ISO_8859_1$Decoder
Event: 1.294 loading class sun/nio/cs/ISO_8859_1$Decoder done
Event: 1.372 loading class java/util/Collections$UnmodifiableList$1
Event: 1.372 loading class java/util/Collections$UnmodifiableList$1 done


Dynamic libraries:
713000000-721e00000 rw-p 00000000 00:00 0 
721e00000-7ffc00000 ---p 00000000 00:00 0 
7ffc00000-7ffd00000 rw-p 00000000 00:00 0 
7ffd00000-7ffd77000 rw-p 00ca7000 103:02 23467449                        /usr/local/mandrel-java17-23.0.1.2-Final/lib/server/classes.jsa
7ffd77000-7ffe00000 rw-p 00000000 00:00 0 
7ffe00000-7ffe83000 rw-p 00c24000 103:02 23467449                        /usr/local/mandrel-java17-23.0.1.2-Final/lib/server/classes.jsa
7ffe83000-800000000 rw-p 00000000 00:00 0 
561a758f2000-561a758f3000 r--p 00000000 103:02 23466984                  /usr/local/mandrel-java17-23.0.1.2-Final/bin/java
561a758f3000-561a758f4000 r-xp 00001000 103:02 23466984                  /usr/local/mandrel-java17-23.0.1.2-Final/bin/java
561a758f4000-561a758f5000 r--p 00002000 103:02 23466984                  /usr/local/mandrel-java17-23.0.1.2-Final/bin/java
561a758f5000-561a758f6000 r--p 00002000 103:02 23466984                  /usr/local/mandrel-java17-23.0.1.2-Final/bin/java
561a758f6000-561a758f7000 rw-p 00003000 103:02 23466984                  /usr/local/mandrel-java17-23.0.1.2-Final/bin/java
561a76ba7000-561a76bef000 rw-p 00000000 00:00 0                          [heap]
7ff998000000-7ff998021000 rw-p 00000000 00:00 0 
7ff998021000-7ff99c000000 ---p 00000000 00:00 0 
7ff99c000000-7ff99c021000 rw-p 00000000 00:00 0 
7ff99c021000-7ff9a0000000 ---p 00000000 00:00 0 
7ff9a0000000-7ff9a0021000 rw-p 00000000 00:00 0 
7ff9a0021000-7ff9a4000000 ---p 00000000 00:00 0 
7ff9a4000000-7ff9a4021000 rw-p 00000000 00:00 0 
7ff9a4021000-7ff9a8000000 ---p 00000000 00:00 0 
7ff9a8000000-7ff9a8021000 rw-p 00000000 00:00 0 
7ff9a8021000-7ff9ac000000 ---p 00000000 00:00 0 
7ff9ac000000-7ff9ac021000 rw-p 00000000 00:00 0 
7ff9ac021000-7ff9b0000000 ---p 00000000 00:00 0 
7ff9b0000000-7ff9b0021000 rw-p 00000000 00:00 0 
7ff9b0021000-7ff9b4000000 ---p 00000000 00:00 0 
7ff9b4000000-7ff9b4021000 rw-p 00000000 00:00 0 
7ff9b4021000-7ff9b8000000 ---p 00000000 00:00 0 
7ff9b8000000-7ff9b8021000 rw-p 00000000 00:00 0 
7ff9b8021000-7ff9bc000000 ---p 00000000 00:00 0 
7ff9bc000000-7ff9bc021000 rw-p 00000000 00:00 0 
7ff9bc021000-7ff9c0000000 ---p 00000000 00:00 0 
7ff9c0000000-7ff9c0021000 rw-p 00000000 00:00 0 
7ff9c0021000-7ff9c4000000 ---p 00000000 00:00 0 
7ff9c4000000-7ff9c4021000 rw-p 00000000 00:00 0 
7ff9c4021000-7ff9c8000000 ---p 00000000 00:00 0 
7ff9c8000000-7ff9c8021000 rw-p 00000000 00:00 0 
7ff9c8021000-7ff9cc000000 ---p 00000000 00:00 0 
7ff9cc000000-7ff9cc11b000 rw-p 00000000 00:00 0 
7ff9cc11b000-7ff9d0000000 ---p 00000000 00:00 0 
7ff9d0000000-7ff9d0021000 rw-p 00000000 00:00 0 
7ff9d0021000-7ff9d4000000 ---p 00000000 00:00 0 
7ff9d4000000-7ff9d4021000 rw-p 00000000 00:00 0 
7ff9d4021000-7ff9d8000000 ---p 00000000 00:00 0 
7ff9d8000000-7ff9d8e57000 rw-p 00000000 00:00 0 
7ff9d8e57000-7ff9dc000000 ---p 00000000 00:00 0 
7ff9dc000000-7ff9dc021000 rw-p 00000000 00:00 0 
7ff9dc021000-7ff9e0000000 ---p 00000000 00:00 0 
7ff9e0000000-7ff9e0021000 rw-p 00000000 00:00 0 
7ff9e0021000-7ff9e4000000 ---p 00000000 00:00 0 
7ff9e4000000-7ff9e4021000 rw-p 00000000 00:00 0 
7ff9e4021000-7ff9e8000000 ---p 00000000 00:00 0 
7ff9e8000000-7ff9e8021000 rw-p 00000000 00:00 0 
7ff9e8021000-7ff9ec000000 ---p 00000000 00:00 0 
7ff9ec000000-7ff9ecf8c000 rw-p 00000000 00:00 0 
7ff9ecf8c000-7ff9f0000000 ---p 00000000 00:00 0 
7ff9f0000000-7ff9f0021000 rw-p 00000000 00:00 0 
7ff9f0021000-7ff9f4000000 ---p 00000000 00:00 0 
7ff9f4000000-7ff9f4021000 rw-p 00000000 00:00 0 
7ff9f4021000-7ff9f8000000 ---p 00000000 00:00 0 
7ff9f8000000-7ff9f86be000 rw-p 00000000 00:00 0 
7ff9f86be000-7ff9fc000000 ---p 00000000 00:00 0 
7ff9fc000000-7ff9fc021000 rw-p 00000000 00:00 0 
7ff9fc021000-7ffa00000000 ---p 00000000 00:00 0 
7ffa00000000-7ffa00021000 rw-p 00000000 00:00 0 
7ffa00021000-7ffa04000000 ---p 00000000 00:00 0 
7ffa04000000-7ffa04e38000 rw-p 00000000 00:00 0 
7ffa04e38000-7ffa08000000 ---p 00000000 00:00 0 
7ffa08000000-7ffa08021000 rw-p 00000000 00:00 0 
7ffa08021000-7ffa0c000000 ---p 00000000 00:00 0 
7ffa0c000000-7ffa0c021000 rw-p 00000000 00:00 0 
7ffa0c021000-7ffa10000000 ---p 00000000 00:00 0 
7ffa10000000-7ffa10021000 rw-p 00000000 00:00 0 
7ffa10021000-7ffa14000000 ---p 00000000 00:00 0 
7ffa14000000-7ffa14021000 rw-p 00000000 00:00 0 
7ffa14021000-7ffa18000000 ---p 00000000 00:00 0 
7ffa18000000-7ffa18021000 rw-p 00000000 00:00 0 
7ffa18021000-7ffa1c000000 ---p 00000000 00:00 0 
7ffa1e253000-7ffa1e4ea000 rw-p 00000000 00:00 0 
7ffa1e4ea000-7ffa1e4eb000 ---p 00000000 00:00 0 
7ffa1e4eb000-7ffa1e5ec000 rw-p 00000000 00:00 0 
7ffa1e5ec000-7ffa1e5ed000 ---p 00000000 00:00 0 
7ffa1e5ed000-7ffa1e6ee000 rw-p 00000000 00:00 0 
7ffa1e6ee000-7ffa1e6ef000 ---p 00000000 00:00 0 
7ffa1e6ef000-7ffa1e7f0000 rw-p 00000000 00:00 0 
7ffa1e7f0000-7ffa1e7f1000 ---p 00000000 00:00 0 
7ffa1e7f1000-7ffa1e8f2000 rw-p 00000000 00:00 0 
7ffa1e8f2000-7ffa1e8f3000 ---p 00000000 00:00 0 
7ffa1e8f3000-7ffa1e9f4000 rw-p 00000000 00:00 0 
7ffa1e9f4000-7ffa1e9f5000 ---p 00000000 00:00 0 
7ffa1e9f5000-7ffa1eaf6000 rw-p 00000000 00:00 0 
7ffa1eaf6000-7ffa1eaf7000 ---p 00000000 00:00 0 
7ffa1eaf7000-7ffa1ebf8000 rw-p 00000000 00:00 0 
7ffa1ebf8000-7ffa1ebf9000 ---p 00000000 00:00 0 
7ffa1ebf9000-7ffa1ecfa000 rw-p 00000000 00:00 0 
7ffa1ecfa000-7ffa1ecfb000 ---p 00000000 00:00 0 
7ffa1ecfb000-7ffa1edfc000 rw-p 00000000 00:00 0 
7ffa1edfc000-7ffa1edfd000 ---p 00000000 00:00 0 
7ffa1edfd000-7ffa1eefe000 rw-p 00000000 00:00 0 
7ffa1eefe000-7ffa1eeff000 ---p 00000000 00:00 0 
7ffa1eeff000-7ffa1f000000 rw-p 00000000 00:00 0 
7ffa1f000000-7ffa1fbeb000 rw-p 00001000 103:02 23467449                  /usr/local/mandrel-java17-23.0.1.2-Final/lib/server/classes.jsa
7ffa1fbeb000-7ffa20000000 ---p 00000000 00:00 0 
7ffa20000000-7ffa20030000 rw-p 00000000 00:00 0 
7ffa20030000-7ffa20070000 rw-p 00000000 00:00 0 
7ffa20070000-7ffa200f0000 rw-p 00000000 00:00 0 
7ffa200f0000-7ffa20210000 rw-p 00000000 00:00 0 
7ffa20210000-7ffa60000000 ---p 00000000 00:00 0 
7ffa60000000-7ffa60021000 rw-p 00000000 00:00 0 
7ffa60021000-7ffa64000000 ---p 00000000 00:00 0 
7ffa64000000-7ffa643f0000 rw-p 00000000 00:00 0 
7ffa643f0000-7ffa64af0000 rw-p 00000000 00:00 0 
7ffa64af0000-7ffa64bf0000 rw-p 00000000 00:00 0 
7ffa64bf0000-7ffa64eb0000 rw-p 00000000 00:00 0 
7ffa64eb0000-7ffa64f00000 ---p 00000000 00:00 0 
7ffa64f00000-7ffa64f30000 rw-p 00000000 00:00 0 
7ffa64f30000-7ffa68000000 ---p 00000000 00:00 0 
7ffa68000000-7ffa68021000 rw-p 00000000 00:00 0 
7ffa68021000-7ffa6c000000 ---p 00000000 00:00 0 
7ffa6c0f6000-7ffa6c0fa000 ---p 00000000 00:00 0 
7ffa6c0fa000-7ffa6c1f6000 rw-p 00000000 00:00 0 
7ffa6c1f6000-7ffa6c1fa000 ---p 00000000 00:00 0 
7ffa6c1fa000-7ffa6c2f6000 rw-p 00000000 00:00 0 
7ffa6c2f6000-7ffa6c2f7000 ---p 00000000 00:00 0 
7ffa6c2f7000-7ffa6c3f8000 rw-p 00000000 00:00 0 
7ffa6c3f8000-7ffa6c3f9000 ---p 00000000 00:00 0 
7ffa6c3f9000-7ffa6c4fa000 rw-p 00000000 00:00 0 
7ffa6c4fa000-7ffa6c4fb000 ---p 00000000 00:00 0 
7ffa6c4fb000-7ffa6c5fc000 rw-p 00000000 00:00 0 
7ffa6c5fc000-7ffa6c5fd000 ---p 00000000 00:00 0 
7ffa6c5fd000-7ffa6c6fe000 rw-p 00000000 00:00 0 
7ffa6c6fe000-7ffa6c702000 ---p 00000000 00:00 0 
7ffa6c702000-7ffa6c7fe000 rw-p 00000000 00:00 0 
7ffa6c7fe000-7ffa6c802000 ---p 00000000 00:00 0 
7ffa6c802000-7ffa6c8fe000 rw-p 00000000 00:00 0 
7ffa6c8fe000-7ffa6c902000 ---p 00000000 00:00 0 
7ffa6c902000-7ffa6c9fe000 rw-p 00000000 00:00 0 
7ffa6c9fe000-7ffa6ca02000 ---p 00000000 00:00 0 
7ffa6ca02000-7ffa6cafe000 rw-p 00000000 00:00 0 
7ffa6cafe000-7ffa6cb02000 ---p 00000000 00:00 0 
7ffa6cb02000-7ffa6cbfe000 rw-p 00000000 00:00 0 
7ffa6cbfe000-7ffa6cbff000 ---p 00000000 00:00 0 
7ffa6cbff000-7ffa6cd00000 rw-p 00000000 00:00 0 
7ffa6cd00000-7ffa6cd04000 ---p 00000000 00:00 0 
7ffa6cd04000-7ffa6ce00000 rw-p 00000000 00:00 0 
7ffa6ce00000-7ffa6ce04000 ---p 00000000 00:00 0 
7ffa6ce04000-7ffa6cf00000 rw-p 00000000 00:00 0 
7ffa6cf00000-7ffa6cf04000 ---p 00000000 00:00 0 
7ffa6cf04000-7ffa6d000000 rw-p 00000000 00:00 0 
7ffa6d000000-7ffa6d004000 ---p 00000000 00:00 0 
7ffa6d004000-7ffa6d100000 rw-p 00000000 00:00 0 
7ffa6d100000-7ffa6d104000 ---p 00000000 00:00 0 
7ffa6d104000-7ffa6d200000 rw-p 00000000 00:00 0 
7ffa6d200000-7ffa6dfe7000 r--p 00000000 103:02 15870412                  /usr/lib/locale/locale-archive
7ffa6e000000-7ffa70000000 rw-p 00000000 00:00 0 
7ffa70000000-7ffa70021000 rw-p 00000000 00:00 0 
7ffa70021000-7ffa74000000 ---p 00000000 00:00 0 
7ffa74000000-7ffa74021000 rw-p 00000000 00:00 0 
7ffa74021000-7ffa78000000 ---p 00000000 00:00 0 
7ffa78000000-7ffa78021000 rw-p 00000000 00:00 0 
7ffa78021000-7ffa7c000000 ---p 00000000 00:00 0 
7ffa7c0b0000-7ffa7c0b4000 ---p 00000000 00:00 0 
7ffa7c0b4000-7ffa7c1b0000 rw-p 00000000 00:00 0 
7ffa7c1b0000-7ffa7c1b4000 ---p 00000000 00:00 0 
7ffa7c1b4000-7ffa7c2b0000 rw-p 00000000 00:00 0 
7ffa7c2b0000-7ffa7c2b4000 ---p 00000000 00:00 0 
7ffa7c2b4000-7ffa7c3b0000 rw-p 00000000 00:00 0 
7ffa7c3b0000-7ffa7c3b4000 ---p 00000000 00:00 0 
7ffa7c3b4000-7ffa7c4b0000 rw-p 00000000 00:00 0 
7ffa7c4b0000-7ffa7c4b1000 ---p 00000000 00:00 0 
7ffa7c4b1000-7ffa7c5b2000 rw-p 00000000 00:00 0 
7ffa7c5b2000-7ffa7c5b7000 r--p 00000000 103:02 23467342                  /usr/local/mandrel-java17-23.0.1.2-Final/lib/libjsvml.so
7ffa7c5b7000-7ffa7c5f8000 r-xp 00005000 103:02 23467342                  /usr/local/mandrel-java17-23.0.1.2-Final/lib/libjsvml.so
7ffa7c5f8000-7ffa7c681000 r--p 00046000 103:02 23467342                  /usr/local/mandrel-java17-23.0.1.2-Final/lib/libjsvml.so
7ffa7c681000-7ffa7c682000 r--p 000ce000 103:02 23467342                  /usr/local/mandrel-java17-23.0.1.2-Final/lib/libjsvml.so
7ffa7c682000-7ffa7c683000 rw-p 000cf000 103:02 23467342                  /usr/local/mandrel-java17-23.0.1.2-Final/lib/libjsvml.so
7ffa7c683000-7ffa7c704000 rw-p 00000000 00:00 0 
7ffa7c704000-7ffa7c705000 ---p 00000000 00:00 0 
7ffa7c705000-7ffa7c806000 rw-p 00000000 00:00 0 
7ffa7c806000-7ffa7c807000 ---p 00000000 00:00 0 
7ffa7c807000-7ffa7d312000 rw-p 00000000 00:00 0 
7ffa7d312000-7ffa7d313000 ---p 00000000 00:00 0 
7ffa7d313000-7ffa7d414000 rw-p 00000000 00:00 0 
7ffa7d414000-7ffa7d415000 ---p 00000000 00:00 0 
7ffa7d415000-7ffa7d516000 rw-p 00000000 00:00 0 
7ffa7d516000-7ffa7d517000 ---p 00000000 00:00 0 
7ffa7d517000-7ffa7d9d0000 rw-p 00000000 00:00 0 
7ffa7d9d0000-7ffa81148000 ---p 00000000 00:00 0 
7ffa81148000-7ffa81510000 rw-p 00000000 00:00 0 
7ffa81510000-7ffa84c88000 ---p 00000000 00:00 0 
7ffa84c88000-7ffa84d0f000 rw-p 00000000 00:00 0 
7ffa84d0f000-7ffa853fe000 ---p 00000000 00:00 0 
7ffa853fe000-7ffa85400000 rw-p 00000000 00:00 0 
7ffa85400000-7ffa85c00000 rwxp 00000000 00:00 0 
7ffa85c00000-7ffa8c937000 ---p 00000000 00:00 0 
7ffa8c937000-7ffa8cba7000 rwxp 00000000 00:00 0 
7ffa8cba7000-7ffa8cec9000 ---p 00000000 00:00 0 
7ffa8cec9000-7ffa8d139000 rwxp 00000000 00:00 0 
7ffa8d139000-7ffa94400000 ---p 00000000 00:00 0 
7ffa94400000-7ffa9bf9e000 r--s 00000000 103:02 23467536                  /usr/local/mandrel-java17-23.0.1.2-Final/lib/modules
7ffa9c000000-7ffa9d1e7000 rw-p 00000000 00:00 0 
7ffa9d1e7000-7ffaa0000000 ---p 00000000 00:00 0 
7ffaa0039000-7ffaa01c7000 rw-p 00000000 00:00 0 
7ffaa01c7000-7ffaa08b6000 ---p 00000000 00:00 0 
7ffaa08b6000-7ffaa092f000 rw-p 00000000 00:00 0 
7ffaa092f000-7ffaa101e000 ---p 00000000 00:00 0 
7ffaa101e000-7ffaa1a2f000 rw-p 00000000 00:00 0 
7ffaa1a2f000-7ffaa1b15000 ---p 00000000 00:00 0 
7ffaa1b15000-7ffaa1b25000 rw-p 00000000 00:00 0 
7ffaa1b25000-7ffaa1c00000 ---p 00000000 00:00 0 
7ffaa1c00000-7ffaa1e53000 r--p 00000000 103:02 23467451                  /usr/local/mandrel-java17-23.0.1.2-Final/lib/server/libjvm.so
7ffaa1e53000-7ffaa2b75000 r-xp 00253000 103:02 23467451                  /usr/local/mandrel-java17-23.0.1.2-Final/lib/server/libjvm.so
7ffaa2b75000-7ffaa2e02000 r--p 00f75000 103:02 23467451                  /usr/local/mandrel-java17-23.0.1.2-Final/lib/server/libjvm.so
7ffaa2e02000-7ffaa2ebb000 r--p 01201000 103:02 23467451                  /usr/local/mandrel-java17-23.0.1.2-Final/lib/server/libjvm.so
7ffaa2ebb000-7ffaa2ef0000 rw-p 012ba000 103:02 23467451                  /usr/local/mandrel-java17-23.0.1.2-Final/lib/server/libjvm.so
7ffaa2ef0000-7ffaa2f4a000 rw-p 00000000 00:00 0 
7ffaa2f4b000-7ffaa2f52000 r--s 00000000 103:02 15889107                  /usr/lib/x86_64-linux-gnu/gconv/gconv-modules.cache
7ffaa2f52000-7ffaa2f56000 r--p 00000000 103:02 23467482                  /usr/local/mandrel-java17-23.0.1.2-Final/lib/libverify.so
7ffaa2f56000-7ffaa2f5d000 r-xp 00004000 103:02 23467482                  /usr/local/mandrel-java17-23.0.1.2-Final/lib/libverify.so
7ffaa2f5d000-7ffaa2f5f000 r--p 0000b000 103:02 23467482                  /usr/local/mandrel-java17-23.0.1.2-Final/lib/libverify.so
7ffaa2f5f000-7ffaa2f61000 r--p 0000c000 103:02 23467482                  /usr/local/mandrel-java17-23.0.1.2-Final/lib/libverify.so
7ffaa2f61000-7ffaa2f62000 rw-p 0000e000 103:02 23467482                  /usr/local/mandrel-java17-23.0.1.2-Final/lib/libverify.so
7ffaa2f62000-7ffaa2f64000 r--p 00000000 103:02 23467356                  /usr/local/mandrel-java17-23.0.1.2-Final/lib/libmanagement_ext.so
7ffaa2f64000-7ffaa2f67000 r-xp 00002000 103:02 23467356                  /usr/local/mandrel-java17-23.0.1.2-Final/lib/libmanagement_ext.so
7ffaa2f67000-7ffaa2f68000 r--p 00005000 103:02 23467356                  /usr/local/mandrel-java17-23.0.1.2-Final/lib/libmanagement_ext.so
7ffaa2f68000-7ffaa2f69000 ---p 00006000 103:02 23467356                  /usr/local/mandrel-java17-23.0.1.2-Final/lib/libmanagement_ext.so
7ffaa2f69000-7ffaa2f6a000 r--p 00006000 103:02 23467356                  /usr/local/mandrel-java17-23.0.1.2-Final/lib/libmanagement_ext.so
7ffaa2f6a000-7ffaa2f6b000 rw-p 00007000 103:02 23467356                  /usr/local/mandrel-java17-23.0.1.2-Final/lib/libmanagement_ext.so
7ffaa2f6b000-7ffaa2f6e000 r--p 00000000 103:02 23467351                  /usr/local/mandrel-java17-23.0.1.2-Final/lib/libmanagement.so
7ffaa2f6e000-7ffaa2f6f000 r-xp 00003000 103:02 23467351                  /usr/local/mandrel-java17-23.0.1.2-Final/lib/libmanagement.so
7ffaa2f6f000-7ffaa2f70000 r--p 00004000 103:02 23467351                  /usr/local/mandrel-java17-23.0.1.2-Final/lib/libmanagement.so
7ffaa2f70000-7ffaa2f71000 r--p 00004000 103:02 23467351                  /usr/local/mandrel-java17-23.0.1.2-Final/lib/libmanagement.so
7ffaa2f71000-7ffaa2f72000 rw-p 00005000 103:02 23467351                  /usr/local/mandrel-java17-23.0.1.2-Final/lib/libmanagement.so
7ffaa2f72000-7ffaa2f74000 r--p 00000000 103:02 23467359                  /usr/local/mandrel-java17-23.0.1.2-Final/lib/libzip.so
7ffaa2f74000-7ffaa2f78000 r-xp 00002000 103:02 23467359                  /usr/local/mandrel-java17-23.0.1.2-Final/lib/libzip.so
7ffaa2f78000-7ffaa2f7a000 r--p 00006000 103:02 23467359                  /usr/local/mandrel-java17-23.0.1.2-Final/lib/libzip.so
7ffaa2f7a000-7ffaa2f7b000 r--p 00007000 103:02 23467359                  /usr/local/mandrel-java17-23.0.1.2-Final/lib/libzip.so
7ffaa2f7b000-7ffaa2f7c000 rw-p 00008000 103:02 23467359                  /usr/local/mandrel-java17-23.0.1.2-Final/lib/libzip.so
7ffaa2f7c000-7ffaa2f80000 r--p 00000000 103:02 23467532                  /usr/local/mandrel-java17-23.0.1.2-Final/lib/libnet.so
7ffaa2f80000-7ffaa2f8e000 r-xp 00004000 103:02 23467532                  /usr/local/mandrel-java17-23.0.1.2-Final/lib/libnet.so
7ffaa2f8e000-7ffaa2f92000 r--p 00012000 103:02 23467532                  /usr/local/mandrel-java17-23.0.1.2-Final/lib/libnet.so
7ffaa2f92000-7ffaa2f93000 r--p 00015000 103:02 23467532                  /usr/local/mandrel-java17-23.0.1.2-Final/lib/libnet.so
7ffaa2f93000-7ffaa2f94000 rw-p 00016000 103:02 23467532                  /usr/local/mandrel-java17-23.0.1.2-Final/lib/libnet.so
7ffaa2f94000-7ffaa2f9b000 r--p 00000000 103:02 23467236                  /usr/local/mandrel-java17-23.0.1.2-Final/lib/libnio.so
7ffaa2f9b000-7ffaa2fa4000 r-xp 00007000 103:02 23467236                  /usr/local/mandrel-java17-23.0.1.2-Final/lib/libnio.so
7ffaa2fa4000-7ffaa2fa8000 r--p 00010000 103:02 23467236                  /usr/local/mandrel-java17-23.0.1.2-Final/lib/libnio.so
7ffaa2fa8000-7ffaa2fa9000 ---p 00014000 103:02 23467236                  /usr/local/mandrel-java17-23.0.1.2-Final/lib/libnio.so
7ffaa2fa9000-7ffaa2faa000 r--p 00014000 103:02 23467236                  /usr/local/mandrel-java17-23.0.1.2-Final/lib/libnio.so
7ffaa2faa000-7ffaa2fab000 rw-p 00015000 103:02 23467236                  /usr/local/mandrel-java17-23.0.1.2-Final/lib/libnio.so
7ffaa2fab000-7ffaa2fb0000 rw-p 00000000 00:00 0 
7ffaa2fb0000-7ffaa2fb7000 ---p 00000000 00:00 0 
7ffaa2fb7000-7ffaa2fc4000 r--p 00000000 103:02 23467350                  /usr/local/mandrel-java17-23.0.1.2-Final/lib/libjava.so
7ffaa2fc4000-7ffaa2fd6000 r-xp 0000d000 103:02 23467350                  /usr/local/mandrel-java17-23.0.1.2-Final/lib/libjava.so
7ffaa2fd6000-7ffaa2fdc000 r--p 0001f000 103:02 23467350                  /usr/local/mandrel-java17-23.0.1.2-Final/lib/libjava.so
7ffaa2fdc000-7ffaa2fdd000 ---p 00025000 103:02 23467350                  /usr/local/mandrel-java17-23.0.1.2-Final/lib/libjava.so
7ffaa2fdd000-7ffaa2fde000 r--p 00025000 103:02 23467350                  /usr/local/mandrel-java17-23.0.1.2-Final/lib/libjava.so
7ffaa2fde000-7ffaa2fdf000 rw-p 00026000 103:02 23467350                  /usr/local/mandrel-java17-23.0.1.2-Final/lib/libjava.so
7ffaa2fdf000-7ffaa2fe0000 rw-p 00000000 00:00 0 
7ffaa2fe0000-7ffaa2fe4000 r--p 00000000 103:02 23467379                  /usr/local/mandrel-java17-23.0.1.2-Final/lib/libjimage.so
7ffaa2fe4000-7ffaa2ff7000 r-xp 00004000 103:02 23467379                  /usr/local/mandrel-java17-23.0.1.2-Final/lib/libjimage.so
7ffaa2ff7000-7ffaa2ffd000 r--p 00017000 103:02 23467379                  /usr/local/mandrel-java17-23.0.1.2-Final/lib/libjimage.so
7ffaa2ffd000-7ffaa2fff000 r--p 0001c000 103:02 23467379                  /usr/local/mandrel-java17-23.0.1.2-Final/lib/libjimage.so
7ffaa2fff000-7ffaa3000000 rw-p 0001e000 103:02 23467379                  /usr/local/mandrel-java17-23.0.1.2-Final/lib/libjimage.so
7ffaa3000000-7ffaa3028000 r--p 00000000 103:02 15886786                  /usr/lib/x86_64-linux-gnu/libc.so.6
7ffaa3028000-7ffaa31bd000 r-xp 00028000 103:02 15886786                  /usr/lib/x86_64-linux-gnu/libc.so.6
7ffaa31bd000-7ffaa3215000 r--p 001bd000 103:02 15886786                  /usr/lib/x86_64-linux-gnu/libc.so.6
7ffaa3215000-7ffaa3219000 r--p 00214000 103:02 15886786                  /usr/lib/x86_64-linux-gnu/libc.so.6
7ffaa3219000-7ffaa321b000 rw-p 00218000 103:02 15886786                  /usr/lib/x86_64-linux-gnu/libc.so.6
7ffaa321b000-7ffaa3228000 rw-p 00000000 00:00 0 
7ffaa322e000-7ffaa3232000 ---p 00000000 00:00 0 
7ffaa3232000-7ffaa332e000 rw-p 00000000 00:00 0 
7ffaa332e000-7ffaa333c000 r--p 00000000 103:02 15887435                  /usr/lib/x86_64-linux-gnu/libm.so.6
7ffaa333c000-7ffaa33b8000 r-xp 0000e000 103:02 15887435                  /usr/lib/x86_64-linux-gnu/libm.so.6
7ffaa33b8000-7ffaa3413000 r--p 0008a000 103:02 15887435                  /usr/lib/x86_64-linux-gnu/libm.so.6
7ffaa3413000-7ffaa3414000 r--p 000e4000 103:02 15887435                  /usr/lib/x86_64-linux-gnu/libm.so.6
7ffaa3414000-7ffaa3415000 rw-p 000e5000 103:02 15887435                  /usr/lib/x86_64-linux-gnu/libm.so.6
7ffaa3415000-7ffaa3416000 r--p 00000000 103:02 15887757                  /usr/lib/x86_64-linux-gnu/librt.so.1
7ffaa3416000-7ffaa3417000 r-xp 00001000 103:02 15887757                  /usr/lib/x86_64-linux-gnu/librt.so.1
7ffaa3417000-7ffaa3418000 r--p 00002000 103:02 15887757                  /usr/lib/x86_64-linux-gnu/librt.so.1
7ffaa3418000-7ffaa3419000 r--p 00002000 103:02 15887757                  /usr/lib/x86_64-linux-gnu/librt.so.1
7ffaa3419000-7ffaa341a000 rw-p 00003000 103:02 15887757                  /usr/lib/x86_64-linux-gnu/librt.so.1
7ffaa341a000-7ffaa341e000 rw-p 00000000 00:00 0 
7ffaa341e000-7ffaa341f000 r--p 00000000 103:02 15886928                  /usr/lib/x86_64-linux-gnu/libdl.so.2
7ffaa341f000-7ffaa3420000 r-xp 00001000 103:02 15886928                  /usr/lib/x86_64-linux-gnu/libdl.so.2
7ffaa3420000-7ffaa3421000 r--p 00002000 103:02 15886928                  /usr/lib/x86_64-linux-gnu/libdl.so.2
7ffaa3421000-7ffaa3422000 r--p 00002000 103:02 15886928                  /usr/lib/x86_64-linux-gnu/libdl.so.2
7ffaa3422000-7ffaa3423000 rw-p 00003000 103:02 15886928                  /usr/lib/x86_64-linux-gnu/libdl.so.2
7ffaa3423000-7ffaa3424000 r--p 00000000 103:02 15887701                  /usr/lib/x86_64-linux-gnu/libpthread.so.0
7ffaa3424000-7ffaa3425000 r-xp 00001000 103:02 15887701                  /usr/lib/x86_64-linux-gnu/libpthread.so.0
7ffaa3425000-7ffaa3426000 r--p 00002000 103:02 15887701                  /usr/lib/x86_64-linux-gnu/libpthread.so.0
7ffaa3426000-7ffaa3427000 r--p 00002000 103:02 15887701                  /usr/lib/x86_64-linux-gnu/libpthread.so.0
7ffaa3427000-7ffaa3428000 rw-p 00003000 103:02 15887701                  /usr/lib/x86_64-linux-gnu/libpthread.so.0
7ffaa3428000-7ffaa342b000 r--p 00000000 103:02 23467472                  /usr/local/mandrel-java17-23.0.1.2-Final/lib/libjli.so
7ffaa342b000-7ffaa3435000 r-xp 00003000 103:02 23467472                  /usr/local/mandrel-java17-23.0.1.2-Final/lib/libjli.so
7ffaa3435000-7ffaa3438000 r--p 0000d000 103:02 23467472                  /usr/local/mandrel-java17-23.0.1.2-Final/lib/libjli.so
7ffaa3438000-7ffaa3439000 ---p 00010000 103:02 23467472                  /usr/local/mandrel-java17-23.0.1.2-Final/lib/libjli.so
7ffaa3439000-7ffaa343a000 r--p 00010000 103:02 23467472                  /usr/local/mandrel-java17-23.0.1.2-Final/lib/libjli.so
7ffaa343a000-7ffaa343b000 rw-p 00011000 103:02 23467472                  /usr/local/mandrel-java17-23.0.1.2-Final/lib/libjli.so
7ffaa343b000-7ffaa343d000 r--p 00000000 103:02 15888127                  /usr/lib/x86_64-linux-gnu/libz.so.1.2.11
7ffaa343d000-7ffaa344e000 r-xp 00002000 103:02 15888127                  /usr/lib/x86_64-linux-gnu/libz.so.1.2.11
7ffaa344e000-7ffaa3454000 r--p 00013000 103:02 15888127                  /usr/lib/x86_64-linux-gnu/libz.so.1.2.11
7ffaa3454000-7ffaa3455000 ---p 00019000 103:02 15888127                  /usr/lib/x86_64-linux-gnu/libz.so.1.2.11
7ffaa3455000-7ffaa3456000 r--p 00019000 103:02 15888127                  /usr/lib/x86_64-linux-gnu/libz.so.1.2.11
7ffaa3456000-7ffaa3457000 rw-p 0001a000 103:02 15888127                  /usr/lib/x86_64-linux-gnu/libz.so.1.2.11
7ffaa345a000-7ffaa3462000 rw-s 00000000 103:02 8519781                   /tmp/hsperfdata_avbravo/22817
7ffaa3462000-7ffaa3463000 ---p 00000000 00:00 0 
7ffaa3463000-7ffaa3464000 r--p 00000000 00:00 0 
7ffaa3464000-7ffaa3466000 rw-p 00000000 00:00 0 
7ffaa3466000-7ffaa3468000 r--p 00000000 103:02 15886443                  /usr/lib/x86_64-linux-gnu/ld-linux-x86-64.so.2
7ffaa3468000-7ffaa3492000 r-xp 00002000 103:02 15886443                  /usr/lib/x86_64-linux-gnu/ld-linux-x86-64.so.2
7ffaa3492000-7ffaa349d000 r--p 0002c000 103:02 15886443                  /usr/lib/x86_64-linux-gnu/ld-linux-x86-64.so.2
7ffaa349d000-7ffaa349e000 ---p 00000000 00:00 0 
7ffaa349e000-7ffaa34a0000 r--p 00037000 103:02 15886443                  /usr/lib/x86_64-linux-gnu/ld-linux-x86-64.so.2
7ffaa34a0000-7ffaa34a2000 rw-p 00039000 103:02 15886443                  /usr/lib/x86_64-linux-gnu/ld-linux-x86-64.so.2
7fff3fa4c000-7fff3fa6e000 rw-p 00000000 00:00 0                          [stack]
7fff3fbd9000-7fff3fbdd000 r--p 00000000 00:00 0                          [vvar]
7fff3fbdd000-7fff3fbdf000 r-xp 00000000 00:00 0                          [vdso]
ffffffffff600000-ffffffffff601000 --xp 00000000 00:00 0                  [vsyscall]


VM Arguments:
java_command: /home/avbravo/NetBeansProjects/j/jmoordbcorebook/jmoordb-corebookexamples/capitulo18/target/surefire/surefirebooter-20230902225930975_3.jar /home/avbravo/NetBeansProjects/j/jmoordbcorebook/jmoordb-corebookexamples/capitulo18/target/surefire 2023-09-02T22-59-30_931-jvmRun1 surefire-20230902225930975_1tmp surefire_0-20230902225930975_2tmp
java_class_path (initial): /home/avbravo/NetBeansProjects/j/jmoordbcorebook/jmoordb-corebookexamples/capitulo18/target/surefire/surefirebooter-20230902225930975_3.jar
Launcher Type: SUN_STANDARD

[Global flags]
     intx CICompilerCount                          = 4                                         {product} {ergonomic}
     uint ConcGCThreads                            = 3                                         {product} {ergonomic}
     uint G1ConcRefinementThreads                  = 10                                        {product} {ergonomic}
   size_t G1HeapRegionSize                         = 2097152                                   {product} {ergonomic}
    uintx GCDrainStackTargetSize                   = 64                                        {product} {ergonomic}
   size_t InitialHeapSize                          = 249561088                                 {product} {ergonomic}
   size_t MarkStackSize                            = 4194304                                   {product} {ergonomic}
   size_t MaxHeapSize                              = 3976200192                                {product} {ergonomic}
   size_t MaxNewSize                               = 2384461824                                {product} {ergonomic}
   size_t MinHeapDeltaBytes                        = 2097152                                   {product} {ergonomic}
   size_t MinHeapSize                              = 8388608                                   {product} {ergonomic}
    uintx NonNMethodCodeHeapSize                   = 5839372                                {pd product} {ergonomic}
    uintx NonProfiledCodeHeapSize                  = 122909434                              {pd product} {ergonomic}
    uintx ProfiledCodeHeapSize                     = 122909434                              {pd product} {ergonomic}
    uintx ReservedCodeCacheSize                    = 251658240                              {pd product} {ergonomic}
     bool SegmentedCodeCache                       = true                                      {product} {ergonomic}
   size_t SoftMaxHeapSize                          = 3976200192                             {manageable} {ergonomic}
     bool UseCompressedClassPointers               = true                           {product lp64_product} {ergonomic}
     bool UseCompressedOops                        = true                           {product lp64_product} {ergonomic}
     bool UseG1GC                                  = true                                      {product} {ergonomic}

Logging:
Log output configuration:
 #0: stdout all=warning uptime,level,tags
 #1: stderr all=off uptime,level,tags

Environment Variables:
JAVA_HOME=/usr/local/mandrel-java17-23.0.1.2-Final
PATH=/home/avbravo/.sdkman/candidates/quarkus/current/bin:/snap/netbeans/83/netbeans/java/maven/bin:/usr/local/sbin:/usr/local/bin:/usr/sbin:/usr/bin:/sbin:/bin:/usr/games:/usr/local/games:/snap/bin:/snap/bin:/usr/local/mandrel-java17-23.0.1.2-Final/bin:/usr/local/mandrel-java17-23.0.1.2-Final/bin:/home/avbravo/snap/flutter/common/flutter/bin
USERNAME=avbravo
SHELL=/bin/bash
DISPLAY=:0
LANG=es_PA.UTF-8
TERM=xterm-256color

Active Locale:
LC_ALL=es_PA.UTF-8
LC_COLLATE=es_PA.UTF-8
LC_CTYPE=es_PA.UTF-8
LC_MESSAGES=es_PA.UTF-8
LC_MONETARY=es_PA.UTF-8
LC_NUMERIC=es_PA.UTF-8
LC_TIME=es_PA.UTF-8

Signal Handlers:
   SIGSEGV: crash_handler in libjvm.so, mask=11100100010111111101111111111110, flags=SA_RESTART|SA_SIGINFO, unblocked
    SIGBUS: crash_handler in libjvm.so, mask=11100100010111111101111111111110, flags=SA_RESTART|SA_SIGINFO, unblocked
    SIGFPE: crash_handler in libjvm.so, mask=11100100010111111101111111111110, flags=SA_RESTART|SA_SIGINFO, unblocked
   SIGPIPE: javaSignalHandler in libjvm.so, mask=11100100010111111101111111111110, flags=SA_RESTART|SA_SIGINFO, blocked
   SIGXFSZ: javaSignalHandler in libjvm.so, mask=11100100010111111101111111111110, flags=SA_RESTART|SA_SIGINFO, blocked
    SIGILL: crash_handler in libjvm.so, mask=11100100010111111101111111111110, flags=SA_RESTART|SA_SIGINFO, unblocked
   SIGUSR2: SR_handler in libjvm.so, mask=00000000000000000000000000000000, flags=SA_RESTART|SA_SIGINFO, blocked
    SIGHUP: UserHandler in libjvm.so, mask=11100100010111111101111111111110, flags=SA_RESTART|SA_SIGINFO, blocked
    SIGINT: UserHandler in libjvm.so, mask=11100100010111111101111111111110, flags=SA_RESTART|SA_SIGINFO, blocked
   SIGTERM: UserHandler in libjvm.so, mask=11100100010111111101111111111110, flags=SA_RESTART|SA_SIGINFO, blocked
   SIGQUIT: UserHandler in libjvm.so, mask=11100100010111111101111111111110, flags=SA_RESTART|SA_SIGINFO, blocked
   SIGTRAP: crash_handler in libjvm.so, mask=11100100010111111101111111111110, flags=SA_RESTART|SA_SIGINFO, unblocked


---------------  S Y S T E M  ---------------

OS:
DISTRIB_ID=Ubuntu
DISTRIB_RELEASE=22.04
DISTRIB_CODENAME=jammy
DISTRIB_DESCRIPTION="Ubuntu 22.04.3 LTS"
uname: Linux 6.2.0-31-generic #31~22.04.1-Ubuntu SMP PREEMPT_DYNAMIC Wed Aug 16 13:45:26 UTC 2 x86_64
OS uptime: 0 days 0:37 hours
libc: glibc 2.35 NPTL 2.35 
rlimit (soft/hard): STACK 8192k/infinity , CORE 0k/infinity , NPROC 60350/60350 , NOFILE 1048576/1048576 , AS infinity/infinity , CPU infinity/infinity , DATA infinity/infinity , FSIZE infinity/infinity , MEMLOCK 1940768k/1940768k
load average: 2.89 3.90 3.08

/proc/meminfo:
MemTotal:       15526172 kB
MemFree:         3465432 kB
MemAvailable:    7556060 kB
Buffers:          213596 kB
Cached:          4129544 kB
SwapCached:           16 kB
Active:          1975920 kB
Inactive:        8906788 kB
Active(anon):       8396 kB
Inactive(anon):  6671936 kB
Active(file):    1967524 kB
Inactive(file):  2234852 kB
Unevictable:          32 kB
Mlocked:              32 kB
SwapTotal:       2097148 kB
SwapFree:        2095612 kB
Zswap:                 0 kB
Zswapped:              0 kB
Dirty:               600 kB
Writeback:             0 kB
AnonPages:       6539932 kB
Mapped:          1064476 kB
Shmem:            140764 kB
KReclaimable:     223560 kB
Slab:             414400 kB
SReclaimable:     223560 kB
SUnreclaim:       190840 kB
KernelStack:       20016 kB
PageTables:        47440 kB
SecPageTables:         0 kB
NFS_Unstable:          0 kB
Bounce:                0 kB
WritebackTmp:          0 kB
CommitLimit:     9860232 kB
Committed_AS:   14784328 kB
VmallocTotal:   34359738367 kB
VmallocUsed:       79880 kB
VmallocChunk:          0 kB
Percpu:            18496 kB
HardwareCorrupted:     0 kB
AnonHugePages:         0 kB
ShmemHugePages:        0 kB
ShmemPmdMapped:        0 kB
FileHugePages:         0 kB
FilePmdMapped:         0 kB
HugePages_Total:       0
HugePages_Free:        0
HugePages_Rsvd:        0
HugePages_Surp:        0
Hugepagesize:       2048 kB
Hugetlb:               0 kB
DirectMap4k:      935328 kB
DirectMap2M:    13946880 kB
DirectMap1G:     2097152 kB

/sys/kernel/mm/transparent_hugepage/enabled: always [madvise] never
/sys/kernel/mm/transparent_hugepage/defrag (defrag/compaction efforts parameter): always defer defer+madvise [madvise] never

Process Memory:
Virtual Size: 8225152K (peak: 8225152K)
Resident Set Size: 317264K (peak: 317264K) (anon: 295592K, file: 21672K, shmem: 0K)
Swapped out: 0K
C-Heap outstanding allocations: 82494K, retained: 18033K
glibc malloc tunables: (default)

/proc/sys/kernel/threads-max (system-wide limit on the number of threads): 120701
/proc/sys/vm/max_map_count (maximum number of memory map areas a process may have): 65530
/proc/sys/kernel/pid_max (system-wide limit on number of process identifiers): 4194304

container (cgroup) information:
container_type: cgroupv2
cpu_cpuset_cpus: not supported
cpu_memory_nodes: not supported
active_processor_count: 12
cpu_quota: not supported
cpu_period: not supported
cpu_shares: not supported
memory_limit_in_bytes: unlimited
memory_and_swap_limit_in_bytes: unlimited
memory_soft_limit_in_bytes: unlimited
memory_usage_in_bytes: 1211892 k
memory_max_usage_in_bytes: not supported
memory_swap_current_in_bytes: 32 k
memory_swap_max_limit_in_bytes: unlimited
maximum number of tasks: 18105
current number of tasks: 80

Steal ticks since vm start: 0
Steal ticks percentage since vm start:  0.000

CPU: total 12 (initial active 12) (12 cores per cpu, 2 threads per core) family 25 model 68 stepping 1 microcode 0xa404101, cx8, cmov, fxsr, ht, mmx, 3dnowpref, sse, sse2, sse3, ssse3, sse4a, sse4.1, sse4.2, popcnt, lzcnt, tsc, tscinvbit, avx, avx2, aes, clmul, bmi1, bmi2, adx, sha, fma, vzeroupper, clflush, clflushopt
CPU Model and flags from /proc/cpuinfo:
model name	: AMD Ryzen 5 6600H with Radeon Graphics
flags		: fpu vme de pse tsc msr pae mce cx8 apic sep mtrr pge mca cmov pat pse36 clflush mmx fxsr sse sse2 ht syscall nx mmxext fxsr_opt pdpe1gb rdtscp lm constant_tsc rep_good nopl nonstop_tsc cpuid extd_apicid aperfmperf rapl pni pclmulqdq monitor ssse3 fma cx16 sse4_1 sse4_2 x2apic movbe popcnt aes xsave avx f16c rdrand lahf_lm cmp_legacy svm extapic cr8_legacy abm sse4a misalignsse 3dnowprefetch osvw ibs skinit wdt tce topoext perfctr_core perfctr_nb bpext perfctr_llc mwaitx cpb cat_l3 cdp_l3 hw_pstate ssbd mba ibrs ibpb stibp vmmcall fsgsbase bmi1 avx2 smep bmi2 invpcid cqm rdt_a rdseed adx smap clflushopt clwb sha_ni xsaveopt xsavec xgetbv1 xsaves cqm_llc cqm_occup_llc cqm_mbm_total cqm_mbm_local clzero irperf xsaveerptr rdpru wbnoinvd cppc arat npt lbrv svm_lock nrip_save tsc_scale vmcb_clean flushbyasid decodeassists pausefilter pfthreshold avic v_vmsave_vmload vgif v_spec_ctrl umip pku ospke vaes vpclmulqdq rdpid overflow_recov succor smca

Online cpus: 0-11
Offline cpus: 12-15
BIOS frequency limitation: 3300000
Frequency switch latency (ns): 0
Available cpu frequencies: 3300000 1800000 1600000 
Current governor: schedutil
Core performance/turbo boost: 1

Memory: 4k page, physical 15526172k(3464928k free), swap 2097148k(2095612k free)
Page Sizes: 4k

vm_info: OpenJDK 64-Bit Server VM (17.0.8+7) for linux-amd64 JRE (17.0.8+7), built on Jul 18 2023 00:00:00 by "admin" with gcc 10.3.0

END.
